2020-10-02T10:06:39+00:00 CRITICAL Uncaught Error: Call to undefined function vc_add_shortcode_param() in /var/www/html/dungthinh/wp_dungthinh/wp/gustablo/wp-content/plugins/wprt-addons/vc-map.php:22
Stack trace:
#0 /var/www/html/dungthinh/wp_dungthinh/wp/gustablo/wp-includes/class-wp-hook.php(287): vc_add_new_para('')
#1 /var/www/html/dungthinh/wp_dungthinh/wp/gustablo/wp-includes/class-wp-hook.php(311): WP_Hook->apply_filters(NULL, Array)
#2 /var/www/html/dungthinh/wp_dungthinh/wp/gustablo/wp-includes/plugin.php(478): WP_Hook->do_action(Array)
#3 /var/www/html/dungthinh/wp_dungthinh/wp/gustablo/wp-settings.php(546): do_action('init')
#4 /var/www/html/dungthinh/wp_dungthinh/wp/gustablo/wp-config.php(96): require_once('/var/www/html/d...')
#5 /var/www/html/dungthinh/wp_dungthinh/wp/gustablo/wp-load.php(37): require_once('/var/www/html/d...')
#6 /var/www/html/dungthinh/wp_dungthinh/wp/gustablo/wp-admin/admin.php(34): require_once('/var/www/html/d...')
#7 /var/www/html/dungthinh/wp_dungthinh/wp/gustablo/wp-admin/themes.php(10): require_once('/va in /var/www/html/dungthinh/wp_dungthinh/wp/gustablo/wp-content/plugins/wprt-addons/vc-map.php on line 22

2020-10-02T10:06:39+00:00 CRITICAL Uncaught Error: Call to undefined function vc_add_shortcode_param() in /var/www/html/dungthinh/wp_dungthinh/wp/gustablo/wp-content/plugins/wprt-addons/vc-map.php:22
Stack trace:
#0 /var/www/html/dungthinh/wp_dungthinh/wp/gustablo/wp-includes/class-wp-hook.php(287): vc_add_new_para('')
#1 /var/www/html/dungthinh/wp_dungthinh/wp/gustablo/wp-includes/class-wp-hook.php(311): WP_Hook->apply_filters(NULL, Array)
#2 /var/www/html/dungthinh/wp_dungthinh/wp/gustablo/wp-includes/plugin.php(478): WP_Hook->do_action(Array)
#3 /var/www/html/dungthinh/wp_dungthinh/wp/gustablo/wp-settings.php(546): do_action('init')
#4 /var/www/html/dungthinh/wp_dungthinh/wp/gustablo/wp-config.php(96): require_once('/var/www/html/d...')
#5 /var/www/html/dungthinh/wp_dungthinh/wp/gustablo/wp-load.php(37): require_once('/var/www/html/d...')
#6 /var/www/html/dungthinh/wp_dungthinh/wp/gustablo/wp-cron.php(44): require_once('/var/www/html/d...')
#7 {main}
  thrown in /var/www/html/dungthinh/wp_dungthinh/wp/gustablo/wp-content/plugins/wprt-addons/vc-map.php on line 22

2020-10-02T10:06:58+00:00 CRITICAL Uncaught Error: Call to undefined function vc_add_shortcode_param() in /var/www/html/dungthinh/wp_dungthinh/wp/gustablo/wp-content/plugins/wprt-addons/vc-map.php:22
Stack trace:
#0 /var/www/html/dungthinh/wp_dungthinh/wp/gustablo/wp-includes/class-wp-hook.php(287): vc_add_new_para('')
#1 /var/www/html/dungthinh/wp_dungthinh/wp/gustablo/wp-includes/class-wp-hook.php(311): WP_Hook->apply_filters(NULL, Array)
#2 /var/www/html/dungthinh/wp_dungthinh/wp/gustablo/wp-includes/plugin.php(478): WP_Hook->do_action(Array)
#3 /var/www/html/dungthinh/wp_dungthinh/wp/gustablo/wp-settings.php(546): do_action('init')
#4 /var/www/html/dungthinh/wp_dungthinh/wp/gustablo/wp-config.php(96): require_once('/var/www/html/d...')
#5 /var/www/html/dungthinh/wp_dungthinh/wp/gustablo/wp-load.php(37): require_once('/var/www/html/d...')
#6 /var/www/html/dungthinh/wp_dungthinh/wp/gustablo/wp-admin/admin.php(34): require_once('/var/www/html/d...')
#7 /var/www/html/dungthinh/wp_dungthinh/wp/gustablo/wp-admin/themes.php(10): require_once('/va in /var/www/html/dungthinh/wp_dungthinh/wp/gustablo/wp-content/plugins/wprt-addons/vc-map.php on line 22

2020-10-02T10:07:08+00:00 CRITICAL Uncaught Error: Call to undefined function vc_add_shortcode_param() in /var/www/html/dungthinh/wp_dungthinh/wp/gustablo/wp-content/plugins/wprt-addons/vc-map.php:22
Stack trace:
#0 /var/www/html/dungthinh/wp_dungthinh/wp/gustablo/wp-includes/class-wp-hook.php(287): vc_add_new_para('')
#1 /var/www/html/dungthinh/wp_dungthinh/wp/gustablo/wp-includes/class-wp-hook.php(311): WP_Hook->apply_filters(NULL, Array)
#2 /var/www/html/dungthinh/wp_dungthinh/wp/gustablo/wp-includes/plugin.php(478): WP_Hook->do_action(Array)
#3 /var/www/html/dungthinh/wp_dungthinh/wp/gustablo/wp-settings.php(546): do_action('init')
#4 /var/www/html/dungthinh/wp_dungthinh/wp/gustablo/wp-config.php(96): require_once('/var/www/html/d...')
#5 /var/www/html/dungthinh/wp_dungthinh/wp/gustablo/wp-load.php(37): require_once('/var/www/html/d...')
#6 /var/www/html/dungthinh/wp_dungthinh/wp/gustablo/wp-admin/admin.php(34): require_once('/var/www/html/d...')
#7 /var/www/html/dungthinh/wp_dungthinh/wp/gustablo/wp-admin/index.php(10): require_once('/var in /var/www/html/dungthinh/wp_dungthinh/wp/gustablo/wp-content/plugins/wprt-addons/vc-map.php on line 22

2020-10-02T10:07:12+00:00 CRITICAL Uncaught Error: Call to undefined function vc_add_shortcode_param() in /var/www/html/dungthinh/wp_dungthinh/wp/gustablo/wp-content/plugins/wprt-addons/vc-map.php:22
Stack trace:
#0 /var/www/html/dungthinh/wp_dungthinh/wp/gustablo/wp-includes/class-wp-hook.php(287): vc_add_new_para('')
#1 /var/www/html/dungthinh/wp_dungthinh/wp/gustablo/wp-includes/class-wp-hook.php(311): WP_Hook->apply_filters(NULL, Array)
#2 /var/www/html/dungthinh/wp_dungthinh/wp/gustablo/wp-includes/plugin.php(478): WP_Hook->do_action(Array)
#3 /var/www/html/dungthinh/wp_dungthinh/wp/gustablo/wp-settings.php(546): do_action('init')
#4 /var/www/html/dungthinh/wp_dungthinh/wp/gustablo/wp-config.php(96): require_once('/var/www/html/d...')
#5 /var/www/html/dungthinh/wp_dungthinh/wp/gustablo/wp-load.php(37): require_once('/var/www/html/d...')
#6 /var/www/html/dungthinh/wp_dungthinh/wp/gustablo/wp-admin/admin.php(34): require_once('/var/www/html/d...')
#7 /var/www/html/dungthinh/wp_dungthinh/wp/gustablo/wp-admin/index.php(10): require_once('/var in /var/www/html/dungthinh/wp_dungthinh/wp/gustablo/wp-content/plugins/wprt-addons/vc-map.php on line 22

2020-10-02T10:07:15+00:00 CRITICAL Uncaught Error: Call to undefined function vc_add_shortcode_param() in /var/www/html/dungthinh/wp_dungthinh/wp/gustablo/wp-content/plugins/wprt-addons/vc-map.php:22
Stack trace:
#0 /var/www/html/dungthinh/wp_dungthinh/wp/gustablo/wp-includes/class-wp-hook.php(287): vc_add_new_para('')
#1 /var/www/html/dungthinh/wp_dungthinh/wp/gustablo/wp-includes/class-wp-hook.php(311): WP_Hook->apply_filters(NULL, Array)
#2 /var/www/html/dungthinh/wp_dungthinh/wp/gustablo/wp-includes/plugin.php(478): WP_Hook->do_action(Array)
#3 /var/www/html/dungthinh/wp_dungthinh/wp/gustablo/wp-settings.php(546): do_action('init')
#4 /var/www/html/dungthinh/wp_dungthinh/wp/gustablo/wp-config.php(96): require_once('/var/www/html/d...')
#5 /var/www/html/dungthinh/wp_dungthinh/wp/gustablo/wp-load.php(37): require_once('/var/www/html/d...')
#6 /var/www/html/dungthinh/wp_dungthinh/wp/gustablo/wp-admin/admin.php(34): require_once('/var/www/html/d...')
#7 /var/www/html/dungthinh/wp_dungthinh/wp/gustablo/wp-admin/index.php(10): require_once('/var in /var/www/html/dungthinh/wp_dungthinh/wp/gustablo/wp-content/plugins/wprt-addons/vc-map.php on line 22

2020-10-02T10:07:46+00:00 CRITICAL Uncaught Error: Call to undefined function vc_add_shortcode_param() in /var/www/html/dungthinh/wp_dungthinh/wp/gustablo/wp-content/plugins/wprt-addons/vc-map.php:22
Stack trace:
#0 /var/www/html/dungthinh/wp_dungthinh/wp/gustablo/wp-includes/class-wp-hook.php(287): vc_add_new_para('')
#1 /var/www/html/dungthinh/wp_dungthinh/wp/gustablo/wp-includes/class-wp-hook.php(311): WP_Hook->apply_filters(NULL, Array)
#2 /var/www/html/dungthinh/wp_dungthinh/wp/gustablo/wp-includes/plugin.php(478): WP_Hook->do_action(Array)
#3 /var/www/html/dungthinh/wp_dungthinh/wp/gustablo/wp-settings.php(546): do_action('init')
#4 /var/www/html/dungthinh/wp_dungthinh/wp/gustablo/wp-config.php(96): require_once('/var/www/html/d...')
#5 /var/www/html/dungthinh/wp_dungthinh/wp/gustablo/wp-load.php(37): require_once('/var/www/html/d...')
#6 /var/www/html/dungthinh/wp_dungthinh/wp/gustablo/wp-blog-header.php(13): require_once('/var/www/html/d...')
#7 /var/www/html/dungthinh/wp_dungthinh/wp/gustablo/index.php(17): require('/var/www/html/d... in /var/www/html/dungthinh/wp_dungthinh/wp/gustablo/wp-content/plugins/wprt-addons/vc-map.php on line 22

2020-10-02T10:07:47+00:00 CRITICAL Uncaught Error: Call to undefined function vc_add_shortcode_param() in /var/www/html/dungthinh/wp_dungthinh/wp/gustablo/wp-content/plugins/wprt-addons/vc-map.php:22
Stack trace:
#0 /var/www/html/dungthinh/wp_dungthinh/wp/gustablo/wp-includes/class-wp-hook.php(287): vc_add_new_para('')
#1 /var/www/html/dungthinh/wp_dungthinh/wp/gustablo/wp-includes/class-wp-hook.php(311): WP_Hook->apply_filters(NULL, Array)
#2 /var/www/html/dungthinh/wp_dungthinh/wp/gustablo/wp-includes/plugin.php(478): WP_Hook->do_action(Array)
#3 /var/www/html/dungthinh/wp_dungthinh/wp/gustablo/wp-settings.php(546): do_action('init')
#4 /var/www/html/dungthinh/wp_dungthinh/wp/gustablo/wp-config.php(96): require_once('/var/www/html/d...')
#5 /var/www/html/dungthinh/wp_dungthinh/wp/gustablo/wp-load.php(37): require_once('/var/www/html/d...')
#6 /var/www/html/dungthinh/wp_dungthinh/wp/gustablo/wp-cron.php(44): require_once('/var/www/html/d...')
#7 {main}
  thrown in /var/www/html/dungthinh/wp_dungthinh/wp/gustablo/wp-content/plugins/wprt-addons/vc-map.php on line 22

2020-10-02T10:10:16+00:00 CRITICAL Uncaught Error: Call to undefined function vc_add_shortcode_param() in /var/www/html/dungthinh/wp_dungthinh/wp/gustablo/wp-content/plugins/wprt-addons/vc-map.php:22
Stack trace:
#0 /var/www/html/dungthinh/wp_dungthinh/wp/gustablo/wp-includes/class-wp-hook.php(287): vc_add_new_para('')
#1 /var/www/html/dungthinh/wp_dungthinh/wp/gustablo/wp-includes/class-wp-hook.php(311): WP_Hook->apply_filters(NULL, Array)
#2 /var/www/html/dungthinh/wp_dungthinh/wp/gustablo/wp-includes/plugin.php(478): WP_Hook->do_action(Array)
#3 /var/www/html/dungthinh/wp_dungthinh/wp/gustablo/wp-settings.php(546): do_action('init')
#4 /var/www/html/dungthinh/wp_dungthinh/wp/gustablo/wp-config.php(96): require_once('/var/www/html/d...')
#5 /var/www/html/dungthinh/wp_dungthinh/wp/gustablo/wp-load.php(37): require_once('/var/www/html/d...')
#6 /var/www/html/dungthinh/wp_dungthinh/wp/gustablo/wp-blog-header.php(13): require_once('/var/www/html/d...')
#7 /var/www/html/dungthinh/wp_dungthinh/wp/gustablo/index.php(17): require('/var/www/html/d... in /var/www/html/dungthinh/wp_dungthinh/wp/gustablo/wp-content/plugins/wprt-addons/vc-map.php on line 22

2020-10-02T10:10:16+00:00 CRITICAL Uncaught Error: Call to undefined function vc_add_shortcode_param() in /var/www/html/dungthinh/wp_dungthinh/wp/gustablo/wp-content/plugins/wprt-addons/vc-map.php:22
Stack trace:
#0 /var/www/html/dungthinh/wp_dungthinh/wp/gustablo/wp-includes/class-wp-hook.php(287): vc_add_new_para('')
#1 /var/www/html/dungthinh/wp_dungthinh/wp/gustablo/wp-includes/class-wp-hook.php(311): WP_Hook->apply_filters(NULL, Array)
#2 /var/www/html/dungthinh/wp_dungthinh/wp/gustablo/wp-includes/plugin.php(478): WP_Hook->do_action(Array)
#3 /var/www/html/dungthinh/wp_dungthinh/wp/gustablo/wp-settings.php(546): do_action('init')
#4 /var/www/html/dungthinh/wp_dungthinh/wp/gustablo/wp-config.php(96): require_once('/var/www/html/d...')
#5 /var/www/html/dungthinh/wp_dungthinh/wp/gustablo/wp-load.php(37): require_once('/var/www/html/d...')
#6 /var/www/html/dungthinh/wp_dungthinh/wp/gustablo/wp-cron.php(44): require_once('/var/www/html/d...')
#7 {main}
  thrown in /var/www/html/dungthinh/wp_dungthinh/wp/gustablo/wp-content/plugins/wprt-addons/vc-map.php on line 22

2020-10-02T10:11:05+00:00 CRITICAL Uncaught Error: Call to undefined function vc_add_shortcode_param() in /var/www/html/dungthinh/wp_dungthinh/wp/gustablo/wp-content/plugins/wprt-addons/vc-map.php:22
Stack trace:
#0 /var/www/html/dungthinh/wp_dungthinh/wp/gustablo/wp-includes/class-wp-hook.php(287): vc_add_new_para('')
#1 /var/www/html/dungthinh/wp_dungthinh/wp/gustablo/wp-includes/class-wp-hook.php(311): WP_Hook->apply_filters(NULL, Array)
#2 /var/www/html/dungthinh/wp_dungthinh/wp/gustablo/wp-includes/plugin.php(478): WP_Hook->do_action(Array)
#3 /var/www/html/dungthinh/wp_dungthinh/wp/gustablo/wp-settings.php(546): do_action('init')
#4 /var/www/html/dungthinh/wp_dungthinh/wp/gustablo/wp-config.php(96): require_once('/var/www/html/d...')
#5 /var/www/html/dungthinh/wp_dungthinh/wp/gustablo/wp-load.php(37): require_once('/var/www/html/d...')
#6 /var/www/html/dungthinh/wp_dungthinh/wp/gustablo/wp-blog-header.php(13): require_once('/var/www/html/d...')
#7 /var/www/html/dungthinh/wp_dungthinh/wp/gustablo/index.php(17): require('/var/www/html/d... in /var/www/html/dungthinh/wp_dungthinh/wp/gustablo/wp-content/plugins/wprt-addons/vc-map.php on line 22

2020-10-02T10:13:21+00:00 CRITICAL Uncaught Error: Call to undefined function vc_add_shortcode_param() in /var/www/html/dungthinh/wp_dungthinh/wp/gustablo/wp-content/plugins/wprt-addons/vc-map.php:22
Stack trace:
#0 /var/www/html/dungthinh/wp_dungthinh/wp/gustablo/wp-includes/class-wp-hook.php(287): vc_add_new_para('')
#1 /var/www/html/dungthinh/wp_dungthinh/wp/gustablo/wp-includes/class-wp-hook.php(311): WP_Hook->apply_filters(NULL, Array)
#2 /var/www/html/dungthinh/wp_dungthinh/wp/gustablo/wp-includes/plugin.php(478): WP_Hook->do_action(Array)
#3 /var/www/html/dungthinh/wp_dungthinh/wp/gustablo/wp-settings.php(546): do_action('init')
#4 /var/www/html/dungthinh/wp_dungthinh/wp/gustablo/wp-config.php(96): require_once('/var/www/html/d...')
#5 /var/www/html/dungthinh/wp_dungthinh/wp/gustablo/wp-load.php(37): require_once('/var/www/html/d...')
#6 /var/www/html/dungthinh/wp_dungthinh/wp/gustablo/wp-admin/admin-ajax.php(22): require_once('/var/www/html/d...')
#7 {main}
  thrown in /var/www/html/dungthinh/wp_dungthinh/wp/gustablo/wp-content/plugins/wprt-addons/vc-map.php on line 22

2020-10-02T10:13:21+00:00 CRITICAL Uncaught Error: Call to undefined function vc_add_shortcode_param() in /var/www/html/dungthinh/wp_dungthinh/wp/gustablo/wp-content/plugins/wprt-addons/vc-map.php:22
Stack trace:
#0 /var/www/html/dungthinh/wp_dungthinh/wp/gustablo/wp-includes/class-wp-hook.php(287): vc_add_new_para('')
#1 /var/www/html/dungthinh/wp_dungthinh/wp/gustablo/wp-includes/class-wp-hook.php(311): WP_Hook->apply_filters(NULL, Array)
#2 /var/www/html/dungthinh/wp_dungthinh/wp/gustablo/wp-includes/plugin.php(478): WP_Hook->do_action(Array)
#3 /var/www/html/dungthinh/wp_dungthinh/wp/gustablo/wp-settings.php(546): do_action('init')
#4 /var/www/html/dungthinh/wp_dungthinh/wp/gustablo/wp-config.php(96): require_once('/var/www/html/d...')
#5 /var/www/html/dungthinh/wp_dungthinh/wp/gustablo/wp-load.php(37): require_once('/var/www/html/d...')
#6 /var/www/html/dungthinh/wp_dungthinh/wp/gustablo/wp-cron.php(44): require_once('/var/www/html/d...')
#7 {main}
  thrown in /var/www/html/dungthinh/wp_dungthinh/wp/gustablo/wp-content/plugins/wprt-addons/vc-map.php on line 22

2020-10-02T10:14:24+00:00 CRITICAL Uncaught Error: Call to undefined function vc_add_shortcode_param() in /var/www/html/dungthinh/wp_dungthinh/wp/gustablo/wp-content/plugins/wprt-addons/vc-map.php:22
Stack trace:
#0 /var/www/html/dungthinh/wp_dungthinh/wp/gustablo/wp-includes/class-wp-hook.php(287): vc_add_new_para('')
#1 /var/www/html/dungthinh/wp_dungthinh/wp/gustablo/wp-includes/class-wp-hook.php(311): WP_Hook->apply_filters(NULL, Array)
#2 /var/www/html/dungthinh/wp_dungthinh/wp/gustablo/wp-includes/plugin.php(478): WP_Hook->do_action(Array)
#3 /var/www/html/dungthinh/wp_dungthinh/wp/gustablo/wp-settings.php(546): do_action('init')
#4 /var/www/html/dungthinh/wp_dungthinh/wp/gustablo/wp-config.php(96): require_once('/var/www/html/d...')
#5 /var/www/html/dungthinh/wp_dungthinh/wp/gustablo/wp-load.php(37): require_once('/var/www/html/d...')
#6 /var/www/html/dungthinh/wp_dungthinh/wp/gustablo/wp-cron.php(44): require_once('/var/www/html/d...')
#7 {main}
  thrown in /var/www/html/dungthinh/wp_dungthinh/wp/gustablo/wp-content/plugins/wprt-addons/vc-map.php on line 22

2020-10-02T10:14:24+00:00 CRITICAL Uncaught Error: Call to undefined function vc_add_shortcode_param() in /var/www/html/dungthinh/wp_dungthinh/wp/gustablo/wp-content/plugins/wprt-addons/vc-map.php:22
Stack trace:
#0 /var/www/html/dungthinh/wp_dungthinh/wp/gustablo/wp-includes/class-wp-hook.php(287): vc_add_new_para('')
#1 /var/www/html/dungthinh/wp_dungthinh/wp/gustablo/wp-includes/class-wp-hook.php(311): WP_Hook->apply_filters(NULL, Array)
#2 /var/www/html/dungthinh/wp_dungthinh/wp/gustablo/wp-includes/plugin.php(478): WP_Hook->do_action(Array)
#3 /var/www/html/dungthinh/wp_dungthinh/wp/gustablo/wp-settings.php(546): do_action('init')
#4 /var/www/html/dungthinh/wp_dungthinh/wp/gustablo/wp-config.php(96): require_once('/var/www/html/d...')
#5 /var/www/html/dungthinh/wp_dungthinh/wp/gustablo/wp-load.php(37): require_once('/var/www/html/d...')
#6 /var/www/html/dungthinh/wp_dungthinh/wp/gustablo/wp-admin/admin-ajax.php(22): require_once('/var/www/html/d...')
#7 {main}
  thrown in /var/www/html/dungthinh/wp_dungthinh/wp/gustablo/wp-content/plugins/wprt-addons/vc-map.php on line 22

2020-10-02T10:14:25+00:00 CRITICAL Uncaught Error: Call to undefined function vc_add_shortcode_param() in /var/www/html/dungthinh/wp_dungthinh/wp/gustablo/wp-content/plugins/wprt-addons/vc-map.php:22
Stack trace:
#0 /var/www/html/dungthinh/wp_dungthinh/wp/gustablo/wp-includes/class-wp-hook.php(287): vc_add_new_para('')
#1 /var/www/html/dungthinh/wp_dungthinh/wp/gustablo/wp-includes/class-wp-hook.php(311): WP_Hook->apply_filters(NULL, Array)
#2 /var/www/html/dungthinh/wp_dungthinh/wp/gustablo/wp-includes/plugin.php(478): WP_Hook->do_action(Array)
#3 /var/www/html/dungthinh/wp_dungthinh/wp/gustablo/wp-settings.php(546): do_action('init')
#4 /var/www/html/dungthinh/wp_dungthinh/wp/gustablo/wp-config.php(96): require_once('/var/www/html/d...')
#5 /var/www/html/dungthinh/wp_dungthinh/wp/gustablo/wp-load.php(37): require_once('/var/www/html/d...')
#6 /var/www/html/dungthinh/wp_dungthinh/wp/gustablo/wp-admin/admin-ajax.php(22): require_once('/var/www/html/d...')
#7 {main}
  thrown in /var/www/html/dungthinh/wp_dungthinh/wp/gustablo/wp-content/plugins/wprt-addons/vc-map.php on line 22

2020-10-02T10:14:27+00:00 CRITICAL Uncaught Error: Call to undefined function vc_add_shortcode_param() in /var/www/html/dungthinh/wp_dungthinh/wp/gustablo/wp-content/plugins/wprt-addons/vc-map.php:22
Stack trace:
#0 /var/www/html/dungthinh/wp_dungthinh/wp/gustablo/wp-includes/class-wp-hook.php(287): vc_add_new_para('')
#1 /var/www/html/dungthinh/wp_dungthinh/wp/gustablo/wp-includes/class-wp-hook.php(311): WP_Hook->apply_filters(NULL, Array)
#2 /var/www/html/dungthinh/wp_dungthinh/wp/gustablo/wp-includes/plugin.php(478): WP_Hook->do_action(Array)
#3 /var/www/html/dungthinh/wp_dungthinh/wp/gustablo/wp-settings.php(546): do_action('init')
#4 /var/www/html/dungthinh/wp_dungthinh/wp/gustablo/wp-config.php(96): require_once('/var/www/html/d...')
#5 /var/www/html/dungthinh/wp_dungthinh/wp/gustablo/wp-load.php(37): require_once('/var/www/html/d...')
#6 /var/www/html/dungthinh/wp_dungthinh/wp/gustablo/wp-admin/admin.php(34): require_once('/var/www/html/d...')
#7 /var/www/html/dungthinh/wp_dungthinh/wp/gustablo/wp-admin/themes.php(10): require_once('/va in /var/www/html/dungthinh/wp_dungthinh/wp/gustablo/wp-content/plugins/wprt-addons/vc-map.php on line 22

2020-10-02T10:14:31+00:00 CRITICAL Uncaught Error: Call to undefined function vc_add_shortcode_param() in /var/www/html/dungthinh/wp_dungthinh/wp/gustablo/wp-content/plugins/wprt-addons/vc-map.php:22
Stack trace:
#0 /var/www/html/dungthinh/wp_dungthinh/wp/gustablo/wp-includes/class-wp-hook.php(287): vc_add_new_para('')
#1 /var/www/html/dungthinh/wp_dungthinh/wp/gustablo/wp-includes/class-wp-hook.php(311): WP_Hook->apply_filters(NULL, Array)
#2 /var/www/html/dungthinh/wp_dungthinh/wp/gustablo/wp-includes/plugin.php(478): WP_Hook->do_action(Array)
#3 /var/www/html/dungthinh/wp_dungthinh/wp/gustablo/wp-settings.php(546): do_action('init')
#4 /var/www/html/dungthinh/wp_dungthinh/wp/gustablo/wp-config.php(96): require_once('/var/www/html/d...')
#5 /var/www/html/dungthinh/wp_dungthinh/wp/gustablo/wp-load.php(37): require_once('/var/www/html/d...')
#6 /var/www/html/dungthinh/wp_dungthinh/wp/gustablo/wp-admin/admin.php(34): require_once('/var/www/html/d...')
#7 /var/www/html/dungthinh/wp_dungthinh/wp/gustablo/wp-admin/themes.php(10): require_once('/va in /var/www/html/dungthinh/wp_dungthinh/wp/gustablo/wp-content/plugins/wprt-addons/vc-map.php on line 22

2020-10-02T10:27:47+00:00 CRITICAL Uncaught Error: Call to undefined function vc_add_shortcode_param() in /var/www/html/dungthinh/wp_dungthinh/wp/gustablo/wp-content/plugins/wprt-addons/vc-map.php:22
Stack trace:
#0 /var/www/html/dungthinh/wp_dungthinh/wp/gustablo/wp-includes/class-wp-hook.php(287): vc_add_new_para('')
#1 /var/www/html/dungthinh/wp_dungthinh/wp/gustablo/wp-includes/class-wp-hook.php(311): WP_Hook->apply_filters(NULL, Array)
#2 /var/www/html/dungthinh/wp_dungthinh/wp/gustablo/wp-includes/plugin.php(478): WP_Hook->do_action(Array)
#3 /var/www/html/dungthinh/wp_dungthinh/wp/gustablo/wp-settings.php(546): do_action('init')
#4 /var/www/html/dungthinh/wp_dungthinh/wp/gustablo/wp-config.php(96): require_once('/var/www/html/d...')
#5 /var/www/html/dungthinh/wp_dungthinh/wp/gustablo/wp-load.php(37): require_once('/var/www/html/d...')
#6 /var/www/html/dungthinh/wp_dungthinh/wp/gustablo/wp-admin/admin.php(34): require_once('/var/www/html/d...')
#7 /var/www/html/dungthinh/wp_dungthinh/wp/gustablo/wp-admin/themes.php(10): require_once('/va in /var/www/html/dungthinh/wp_dungthinh/wp/gustablo/wp-content/plugins/wprt-addons/vc-map.php on line 22

