2020-09-29T05:04:07+00:00 CRITICAL Uncaught Error: Call to undefined function vc_add_shortcode_param() in /var/www/html/dungthinh/wp_dungthinh/wp-content/plugins/wprt-addons/vc-map.php:22
Stack trace:
#0 /var/www/html/dungthinh/wp_dungthinh/wp-includes/class-wp-hook.php(287): vc_add_new_para('')
#1 /var/www/html/dungthinh/wp_dungthinh/wp-includes/class-wp-hook.php(311): WP_Hook->apply_filters(NULL, Array)
#2 /var/www/html/dungthinh/wp_dungthinh/wp-includes/plugin.php(478): WP_Hook->do_action(Array)
#3 /var/www/html/dungthinh/wp_dungthinh/wp-settings.php(546): do_action('init')
#4 /var/www/html/dungthinh/wp_dungthinh/wp-config.php(100): require_once('/var/www/html/d...')
#5 /var/www/html/dungthinh/wp_dungthinh/wp-load.php(37): require_once('/var/www/html/d...')
#6 /var/www/html/dungthinh/wp_dungthinh/wp-admin/admin.php(34): require_once('/var/www/html/d...')
#7 /var/www/html/dungthinh/wp_dungthinh/wp-admin/network/admin.php(13): require_once('/var/www/html/d...')
#8 /var/www/html/dungthinh/wp_dungthinh/wp-admin/network/plugins.php(11): require_ in /var/www/html/dungthinh/wp_dungthinh/wp-content/plugins/wprt-addons/vc-map.php on line 22

2020-09-29T05:04:13+00:00 CRITICAL Uncaught Error: Call to undefined function vc_add_shortcode_param() in /var/www/html/dungthinh/wp_dungthinh/wp-content/plugins/wprt-addons/vc-map.php:22
Stack trace:
#0 /var/www/html/dungthinh/wp_dungthinh/wp-includes/class-wp-hook.php(287): vc_add_new_para('')
#1 /var/www/html/dungthinh/wp_dungthinh/wp-includes/class-wp-hook.php(311): WP_Hook->apply_filters(NULL, Array)
#2 /var/www/html/dungthinh/wp_dungthinh/wp-includes/plugin.php(478): WP_Hook->do_action(Array)
#3 /var/www/html/dungthinh/wp_dungthinh/wp-settings.php(546): do_action('init')
#4 /var/www/html/dungthinh/wp_dungthinh/wp-config.php(100): require_once('/var/www/html/d...')
#5 /var/www/html/dungthinh/wp_dungthinh/wp-load.php(37): require_once('/var/www/html/d...')
#6 /var/www/html/dungthinh/wp_dungthinh/wp-admin/admin.php(34): require_once('/var/www/html/d...')
#7 /var/www/html/dungthinh/wp_dungthinh/wp-admin/network/admin.php(13): require_once('/var/www/html/d...')
#8 /var/www/html/dungthinh/wp_dungthinh/wp-admin/network/plugins.php(11): require_ in /var/www/html/dungthinh/wp_dungthinh/wp-content/plugins/wprt-addons/vc-map.php on line 22

2020-09-29T05:04:22+00:00 CRITICAL Uncaught Error: Call to undefined function vc_add_shortcode_param() in /var/www/html/dungthinh/wp_dungthinh/wp-content/plugins/wprt-addons/vc-map.php:22
Stack trace:
#0 /var/www/html/dungthinh/wp_dungthinh/wp-includes/class-wp-hook.php(287): vc_add_new_para('')
#1 /var/www/html/dungthinh/wp_dungthinh/wp-includes/class-wp-hook.php(311): WP_Hook->apply_filters(NULL, Array)
#2 /var/www/html/dungthinh/wp_dungthinh/wp-includes/plugin.php(478): WP_Hook->do_action(Array)
#3 /var/www/html/dungthinh/wp_dungthinh/wp-settings.php(546): do_action('init')
#4 /var/www/html/dungthinh/wp_dungthinh/wp-config.php(100): require_once('/var/www/html/d...')
#5 /var/www/html/dungthinh/wp_dungthinh/wp-load.php(37): require_once('/var/www/html/d...')
#6 /var/www/html/dungthinh/wp_dungthinh/wp-blog-header.php(13): require_once('/var/www/html/d...')
#7 /var/www/html/dungthinh/wp_dungthinh/index.php(17): require('/var/www/html/d...')
#8 {main}
  thrown in /var/www/html/dungthinh/wp_dungthinh/wp-content/plugins/wprt-addons/vc-map.php on line 22

2020-09-29T05:04:25+00:00 CRITICAL Uncaught Error: Call to undefined function vc_add_shortcode_param() in /var/www/html/dungthinh/wp_dungthinh/wp-content/plugins/wprt-addons/vc-map.php:22
Stack trace:
#0 /var/www/html/dungthinh/wp_dungthinh/wp-includes/class-wp-hook.php(287): vc_add_new_para('')
#1 /var/www/html/dungthinh/wp_dungthinh/wp-includes/class-wp-hook.php(311): WP_Hook->apply_filters(NULL, Array)
#2 /var/www/html/dungthinh/wp_dungthinh/wp-includes/plugin.php(478): WP_Hook->do_action(Array)
#3 /var/www/html/dungthinh/wp_dungthinh/wp-settings.php(546): do_action('init')
#4 /var/www/html/dungthinh/wp_dungthinh/wp-config.php(100): require_once('/var/www/html/d...')
#5 /var/www/html/dungthinh/wp_dungthinh/wp-load.php(37): require_once('/var/www/html/d...')
#6 /var/www/html/dungthinh/wp_dungthinh/wp-blog-header.php(13): require_once('/var/www/html/d...')
#7 /var/www/html/dungthinh/wp_dungthinh/index.php(17): require('/var/www/html/d...')
#8 {main}
  thrown in /var/www/html/dungthinh/wp_dungthinh/wp-content/plugins/wprt-addons/vc-map.php on line 22

2020-09-29T05:04:28+00:00 CRITICAL Uncaught Error: Call to undefined function vc_add_shortcode_param() in /var/www/html/dungthinh/wp_dungthinh/wp-content/plugins/wprt-addons/vc-map.php:22
Stack trace:
#0 /var/www/html/dungthinh/wp_dungthinh/wp-includes/class-wp-hook.php(287): vc_add_new_para('')
#1 /var/www/html/dungthinh/wp_dungthinh/wp-includes/class-wp-hook.php(311): WP_Hook->apply_filters(NULL, Array)
#2 /var/www/html/dungthinh/wp_dungthinh/wp-includes/plugin.php(478): WP_Hook->do_action(Array)
#3 /var/www/html/dungthinh/wp_dungthinh/wp-settings.php(546): do_action('init')
#4 /var/www/html/dungthinh/wp_dungthinh/wp-config.php(100): require_once('/var/www/html/d...')
#5 /var/www/html/dungthinh/wp_dungthinh/wp-load.php(37): require_once('/var/www/html/d...')
#6 /var/www/html/dungthinh/wp_dungthinh/wp-blog-header.php(13): require_once('/var/www/html/d...')
#7 /var/www/html/dungthinh/wp_dungthinh/index.php(17): require('/var/www/html/d...')
#8 {main}
  thrown in /var/www/html/dungthinh/wp_dungthinh/wp-content/plugins/wprt-addons/vc-map.php on line 22

2020-09-29T05:04:32+00:00 CRITICAL Uncaught Error: Call to undefined function vc_add_shortcode_param() in /var/www/html/dungthinh/wp_dungthinh/wp-content/plugins/wprt-addons/vc-map.php:22
Stack trace:
#0 /var/www/html/dungthinh/wp_dungthinh/wp-includes/class-wp-hook.php(287): vc_add_new_para('')
#1 /var/www/html/dungthinh/wp_dungthinh/wp-includes/class-wp-hook.php(311): WP_Hook->apply_filters(NULL, Array)
#2 /var/www/html/dungthinh/wp_dungthinh/wp-includes/plugin.php(478): WP_Hook->do_action(Array)
#3 /var/www/html/dungthinh/wp_dungthinh/wp-settings.php(546): do_action('init')
#4 /var/www/html/dungthinh/wp_dungthinh/wp-config.php(100): require_once('/var/www/html/d...')
#5 /var/www/html/dungthinh/wp_dungthinh/wp-load.php(37): require_once('/var/www/html/d...')
#6 /var/www/html/dungthinh/wp_dungthinh/wp-blog-header.php(13): require_once('/var/www/html/d...')
#7 /var/www/html/dungthinh/wp_dungthinh/index.php(17): require('/var/www/html/d...')
#8 {main}
  thrown in /var/www/html/dungthinh/wp_dungthinh/wp-content/plugins/wprt-addons/vc-map.php on line 22

2020-09-29T05:04:40+00:00 CRITICAL Uncaught Error: Call to undefined function vc_add_shortcode_param() in /var/www/html/dungthinh/wp_dungthinh/wp-content/plugins/wprt-addons/vc-map.php:22
Stack trace:
#0 /var/www/html/dungthinh/wp_dungthinh/wp-includes/class-wp-hook.php(287): vc_add_new_para('')
#1 /var/www/html/dungthinh/wp_dungthinh/wp-includes/class-wp-hook.php(311): WP_Hook->apply_filters(NULL, Array)
#2 /var/www/html/dungthinh/wp_dungthinh/wp-includes/plugin.php(478): WP_Hook->do_action(Array)
#3 /var/www/html/dungthinh/wp_dungthinh/wp-settings.php(546): do_action('init')
#4 /var/www/html/dungthinh/wp_dungthinh/wp-config.php(100): require_once('/var/www/html/d...')
#5 /var/www/html/dungthinh/wp_dungthinh/wp-load.php(37): require_once('/var/www/html/d...')
#6 /var/www/html/dungthinh/wp_dungthinh/wp-blog-header.php(13): require_once('/var/www/html/d...')
#7 /var/www/html/dungthinh/wp_dungthinh/index.php(17): require('/var/www/html/d...')
#8 {main}
  thrown in /var/www/html/dungthinh/wp_dungthinh/wp-content/plugins/wprt-addons/vc-map.php on line 22

2020-09-29T05:04:48+00:00 CRITICAL Uncaught Error: Call to undefined function vc_add_shortcode_param() in /var/www/html/dungthinh/wp_dungthinh/wp-content/plugins/wprt-addons/vc-map.php:22
Stack trace:
#0 /var/www/html/dungthinh/wp_dungthinh/wp-includes/class-wp-hook.php(287): vc_add_new_para('')
#1 /var/www/html/dungthinh/wp_dungthinh/wp-includes/class-wp-hook.php(311): WP_Hook->apply_filters(NULL, Array)
#2 /var/www/html/dungthinh/wp_dungthinh/wp-includes/plugin.php(478): WP_Hook->do_action(Array)
#3 /var/www/html/dungthinh/wp_dungthinh/wp-settings.php(546): do_action('init')
#4 /var/www/html/dungthinh/wp_dungthinh/wp-config.php(100): require_once('/var/www/html/d...')
#5 /var/www/html/dungthinh/wp_dungthinh/wp-load.php(37): require_once('/var/www/html/d...')
#6 /var/www/html/dungthinh/wp_dungthinh/wp-admin/admin.php(34): require_once('/var/www/html/d...')
#7 /var/www/html/dungthinh/wp_dungthinh/wp-admin/network/admin.php(13): require_once('/var/www/html/d...')
#8 /var/www/html/dungthinh/wp_dungthinh/wp-admin/network/plugins.php(11): require_ in /var/www/html/dungthinh/wp_dungthinh/wp-content/plugins/wprt-addons/vc-map.php on line 22

2020-09-29T05:04:48+00:00 CRITICAL Uncaught Error: Call to undefined function vc_add_shortcode_param() in /var/www/html/dungthinh/wp_dungthinh/wp-content/plugins/wprt-addons/vc-map.php:22
Stack trace:
#0 /var/www/html/dungthinh/wp_dungthinh/wp-includes/class-wp-hook.php(287): vc_add_new_para('')
#1 /var/www/html/dungthinh/wp_dungthinh/wp-includes/class-wp-hook.php(311): WP_Hook->apply_filters(NULL, Array)
#2 /var/www/html/dungthinh/wp_dungthinh/wp-includes/plugin.php(478): WP_Hook->do_action(Array)
#3 /var/www/html/dungthinh/wp_dungthinh/wp-settings.php(546): do_action('init')
#4 /var/www/html/dungthinh/wp_dungthinh/wp-config.php(100): require_once('/var/www/html/d...')
#5 /var/www/html/dungthinh/wp_dungthinh/wp-load.php(37): require_once('/var/www/html/d...')
#6 /var/www/html/dungthinh/wp_dungthinh/wp-admin/admin-ajax.php(22): require_once('/var/www/html/d...')
#7 {main}
  thrown in /var/www/html/dungthinh/wp_dungthinh/wp-content/plugins/wprt-addons/vc-map.php on line 22

2020-09-29T05:04:51+00:00 CRITICAL Uncaught Error: Call to undefined function vc_add_shortcode_param() in /var/www/html/dungthinh/wp_dungthinh/wp-content/plugins/wprt-addons/vc-map.php:22
Stack trace:
#0 /var/www/html/dungthinh/wp_dungthinh/wp-includes/class-wp-hook.php(287): vc_add_new_para('')
#1 /var/www/html/dungthinh/wp_dungthinh/wp-includes/class-wp-hook.php(311): WP_Hook->apply_filters(NULL, Array)
#2 /var/www/html/dungthinh/wp_dungthinh/wp-includes/plugin.php(478): WP_Hook->do_action(Array)
#3 /var/www/html/dungthinh/wp_dungthinh/wp-settings.php(546): do_action('init')
#4 /var/www/html/dungthinh/wp_dungthinh/wp-config.php(100): require_once('/var/www/html/d...')
#5 /var/www/html/dungthinh/wp_dungthinh/wp-load.php(37): require_once('/var/www/html/d...')
#6 /var/www/html/dungthinh/wp_dungthinh/wp-admin/admin.php(34): require_once('/var/www/html/d...')
#7 /var/www/html/dungthinh/wp_dungthinh/wp-admin/network/admin.php(13): require_once('/var/www/html/d...')
#8 /var/www/html/dungthinh/wp_dungthinh/wp-admin/network/plugins.php(11): require_ in /var/www/html/dungthinh/wp_dungthinh/wp-content/plugins/wprt-addons/vc-map.php on line 22

2020-09-29T05:05:41+00:00 CRITICAL Uncaught Error: Call to undefined function vc_add_shortcode_param() in /var/www/html/dungthinh/wp_dungthinh/wp-content/plugins/wprt-addons/vc-map.php:22
Stack trace:
#0 /var/www/html/dungthinh/wp_dungthinh/wp-includes/class-wp-hook.php(287): vc_add_new_para('')
#1 /var/www/html/dungthinh/wp_dungthinh/wp-includes/class-wp-hook.php(311): WP_Hook->apply_filters(NULL, Array)
#2 /var/www/html/dungthinh/wp_dungthinh/wp-includes/plugin.php(478): WP_Hook->do_action(Array)
#3 /var/www/html/dungthinh/wp_dungthinh/wp-settings.php(546): do_action('init')
#4 /var/www/html/dungthinh/wp_dungthinh/wp-config.php(100): require_once('/var/www/html/d...')
#5 /var/www/html/dungthinh/wp_dungthinh/wp-load.php(37): require_once('/var/www/html/d...')
#6 /var/www/html/dungthinh/wp_dungthinh/wp-login.php(12): require('/var/www/html/d...')
#7 {main}
  thrown in /var/www/html/dungthinh/wp_dungthinh/wp-content/plugins/wprt-addons/vc-map.php on line 22

2020-09-29T05:05:41+00:00 CRITICAL Uncaught Error: Call to undefined function vc_add_shortcode_param() in /var/www/html/dungthinh/wp_dungthinh/wp-content/plugins/wprt-addons/vc-map.php:22
Stack trace:
#0 /var/www/html/dungthinh/wp_dungthinh/wp-includes/class-wp-hook.php(287): vc_add_new_para('')
#1 /var/www/html/dungthinh/wp_dungthinh/wp-includes/class-wp-hook.php(311): WP_Hook->apply_filters(NULL, Array)
#2 /var/www/html/dungthinh/wp_dungthinh/wp-includes/plugin.php(478): WP_Hook->do_action(Array)
#3 /var/www/html/dungthinh/wp_dungthinh/wp-settings.php(546): do_action('init')
#4 /var/www/html/dungthinh/wp_dungthinh/wp-config.php(100): require_once('/var/www/html/d...')
#5 /var/www/html/dungthinh/wp_dungthinh/wp-load.php(37): require_once('/var/www/html/d...')
#6 /var/www/html/dungthinh/wp_dungthinh/wp-cron.php(44): require_once('/var/www/html/d...')
#7 {main}
  thrown in /var/www/html/dungthinh/wp_dungthinh/wp-content/plugins/wprt-addons/vc-map.php on line 22

2020-09-29T05:05:42+00:00 CRITICAL Uncaught Error: Call to undefined function vc_add_shortcode_param() in /var/www/html/dungthinh/wp_dungthinh/wp-content/plugins/wprt-addons/vc-map.php:22
Stack trace:
#0 /var/www/html/dungthinh/wp_dungthinh/wp-includes/class-wp-hook.php(287): vc_add_new_para('')
#1 /var/www/html/dungthinh/wp_dungthinh/wp-includes/class-wp-hook.php(311): WP_Hook->apply_filters(NULL, Array)
#2 /var/www/html/dungthinh/wp_dungthinh/wp-includes/plugin.php(478): WP_Hook->do_action(Array)
#3 /var/www/html/dungthinh/wp_dungthinh/wp-settings.php(546): do_action('init')
#4 /var/www/html/dungthinh/wp_dungthinh/wp-config.php(100): require_once('/var/www/html/d...')
#5 /var/www/html/dungthinh/wp_dungthinh/wp-load.php(37): require_once('/var/www/html/d...')
#6 /var/www/html/dungthinh/wp_dungthinh/wp-login.php(12): require('/var/www/html/d...')
#7 {main}
  thrown in /var/www/html/dungthinh/wp_dungthinh/wp-content/plugins/wprt-addons/vc-map.php on line 22

2020-09-29T05:05:42+00:00 CRITICAL Uncaught Error: Call to undefined function vc_add_shortcode_param() in /var/www/html/dungthinh/wp_dungthinh/wp-content/plugins/wprt-addons/vc-map.php:22
Stack trace:
#0 /var/www/html/dungthinh/wp_dungthinh/wp-includes/class-wp-hook.php(287): vc_add_new_para('')
#1 /var/www/html/dungthinh/wp_dungthinh/wp-includes/class-wp-hook.php(311): WP_Hook->apply_filters(NULL, Array)
#2 /var/www/html/dungthinh/wp_dungthinh/wp-includes/plugin.php(478): WP_Hook->do_action(Array)
#3 /var/www/html/dungthinh/wp_dungthinh/wp-settings.php(546): do_action('init')
#4 /var/www/html/dungthinh/wp_dungthinh/wp-config.php(100): require_once('/var/www/html/d...')
#5 /var/www/html/dungthinh/wp_dungthinh/wp-load.php(37): require_once('/var/www/html/d...')
#6 /var/www/html/dungthinh/wp_dungthinh/xmlrpc.php(31): require_once('/var/www/html/d...')
#7 {main}
  thrown in /var/www/html/dungthinh/wp_dungthinh/wp-content/plugins/wprt-addons/vc-map.php on line 22

2020-09-29T05:05:48+00:00 CRITICAL Uncaught Error: Call to undefined function vc_add_shortcode_param() in /var/www/html/dungthinh/wp_dungthinh/wp-content/plugins/wprt-addons/vc-map.php:22
Stack trace:
#0 /var/www/html/dungthinh/wp_dungthinh/wp-includes/class-wp-hook.php(287): vc_add_new_para('')
#1 /var/www/html/dungthinh/wp_dungthinh/wp-includes/class-wp-hook.php(311): WP_Hook->apply_filters(NULL, Array)
#2 /var/www/html/dungthinh/wp_dungthinh/wp-includes/plugin.php(478): WP_Hook->do_action(Array)
#3 /var/www/html/dungthinh/wp_dungthinh/wp-settings.php(546): do_action('init')
#4 /var/www/html/dungthinh/wp_dungthinh/wp-config.php(100): require_once('/var/www/html/d...')
#5 /var/www/html/dungthinh/wp_dungthinh/wp-load.php(37): require_once('/var/www/html/d...')
#6 /var/www/html/dungthinh/wp_dungthinh/wp-blog-header.php(13): require_once('/var/www/html/d...')
#7 /var/www/html/dungthinh/wp_dungthinh/index.php(17): require('/var/www/html/d...')
#8 {main}
  thrown in /var/www/html/dungthinh/wp_dungthinh/wp-content/plugins/wprt-addons/vc-map.php on line 22

2020-09-29T05:14:29+00:00 CRITICAL Uncaught Error: Call to undefined function vc_add_shortcode_param() in /var/www/html/dungthinh/wp_dungthinh/wp-content/plugins/wprt-addons/vc-map.php:22
Stack trace:
#0 /var/www/html/dungthinh/wp_dungthinh/wp-includes/class-wp-hook.php(287): vc_add_new_para('')
#1 /var/www/html/dungthinh/wp_dungthinh/wp-includes/class-wp-hook.php(311): WP_Hook->apply_filters(NULL, Array)
#2 /var/www/html/dungthinh/wp_dungthinh/wp-includes/plugin.php(478): WP_Hook->do_action(Array)
#3 /var/www/html/dungthinh/wp_dungthinh/wp-settings.php(546): do_action('init')
#4 /var/www/html/dungthinh/wp_dungthinh/wp-config.php(100): require_once('/var/www/html/d...')
#5 /var/www/html/dungthinh/wp_dungthinh/wp-load.php(37): require_once('/var/www/html/d...')
#6 /var/www/html/dungthinh/wp_dungthinh/wp-blog-header.php(13): require_once('/var/www/html/d...')
#7 /var/www/html/dungthinh/wp_dungthinh/index.php(17): require('/var/www/html/d...')
#8 {main}
  thrown in /var/www/html/dungthinh/wp_dungthinh/wp-content/plugins/wprt-addons/vc-map.php on line 22

2020-09-29T05:14:30+00:00 CRITICAL Uncaught Error: Call to undefined function vc_add_shortcode_param() in /var/www/html/dungthinh/wp_dungthinh/wp-content/plugins/wprt-addons/vc-map.php:22
Stack trace:
#0 /var/www/html/dungthinh/wp_dungthinh/wp-includes/class-wp-hook.php(287): vc_add_new_para('')
#1 /var/www/html/dungthinh/wp_dungthinh/wp-includes/class-wp-hook.php(311): WP_Hook->apply_filters(NULL, Array)
#2 /var/www/html/dungthinh/wp_dungthinh/wp-includes/plugin.php(478): WP_Hook->do_action(Array)
#3 /var/www/html/dungthinh/wp_dungthinh/wp-settings.php(546): do_action('init')
#4 /var/www/html/dungthinh/wp_dungthinh/wp-config.php(100): require_once('/var/www/html/d...')
#5 /var/www/html/dungthinh/wp_dungthinh/wp-load.php(37): require_once('/var/www/html/d...')
#6 /var/www/html/dungthinh/wp_dungthinh/wp-cron.php(44): require_once('/var/www/html/d...')
#7 {main}
  thrown in /var/www/html/dungthinh/wp_dungthinh/wp-content/plugins/wprt-addons/vc-map.php on line 22

2020-09-29T05:15:49+00:00 CRITICAL Uncaught Error: Call to undefined function vc_add_shortcode_param() in /var/www/html/dungthinh/wp_dungthinh/wp-content/plugins/wprt-addons/vc-map.php:22
Stack trace:
#0 /var/www/html/dungthinh/wp_dungthinh/wp-includes/class-wp-hook.php(287): vc_add_new_para('')
#1 /var/www/html/dungthinh/wp_dungthinh/wp-includes/class-wp-hook.php(311): WP_Hook->apply_filters(NULL, Array)
#2 /var/www/html/dungthinh/wp_dungthinh/wp-includes/plugin.php(478): WP_Hook->do_action(Array)
#3 /var/www/html/dungthinh/wp_dungthinh/wp-settings.php(546): do_action('init')
#4 /var/www/html/dungthinh/wp_dungthinh/wp-config.php(100): require_once('/var/www/html/d...')
#5 /var/www/html/dungthinh/wp_dungthinh/wp-load.php(37): require_once('/var/www/html/d...')
#6 /var/www/html/dungthinh/wp_dungthinh/wp-blog-header.php(13): require_once('/var/www/html/d...')
#7 /var/www/html/dungthinh/wp_dungthinh/index.php(17): require('/var/www/html/d...')
#8 {main}
  thrown in /var/www/html/dungthinh/wp_dungthinh/wp-content/plugins/wprt-addons/vc-map.php on line 22

2020-09-29T05:15:49+00:00 CRITICAL Uncaught Error: Call to undefined function vc_add_shortcode_param() in /var/www/html/dungthinh/wp_dungthinh/wp-content/plugins/wprt-addons/vc-map.php:22
Stack trace:
#0 /var/www/html/dungthinh/wp_dungthinh/wp-includes/class-wp-hook.php(287): vc_add_new_para('')
#1 /var/www/html/dungthinh/wp_dungthinh/wp-includes/class-wp-hook.php(311): WP_Hook->apply_filters(NULL, Array)
#2 /var/www/html/dungthinh/wp_dungthinh/wp-includes/plugin.php(478): WP_Hook->do_action(Array)
#3 /var/www/html/dungthinh/wp_dungthinh/wp-settings.php(546): do_action('init')
#4 /var/www/html/dungthinh/wp_dungthinh/wp-config.php(100): require_once('/var/www/html/d...')
#5 /var/www/html/dungthinh/wp_dungthinh/wp-load.php(37): require_once('/var/www/html/d...')
#6 /var/www/html/dungthinh/wp_dungthinh/wp-cron.php(44): require_once('/var/www/html/d...')
#7 {main}
  thrown in /var/www/html/dungthinh/wp_dungthinh/wp-content/plugins/wprt-addons/vc-map.php on line 22

2020-09-29T05:16:54+00:00 CRITICAL Uncaught Error: Call to undefined function vc_add_shortcode_param() in /var/www/html/dungthinh/wp_dungthinh/wp-content/plugins/wprt-addons/vc-map.php:22
Stack trace:
#0 /var/www/html/dungthinh/wp_dungthinh/wp-includes/class-wp-hook.php(287): vc_add_new_para('')
#1 /var/www/html/dungthinh/wp_dungthinh/wp-includes/class-wp-hook.php(311): WP_Hook->apply_filters(NULL, Array)
#2 /var/www/html/dungthinh/wp_dungthinh/wp-includes/plugin.php(478): WP_Hook->do_action(Array)
#3 /var/www/html/dungthinh/wp_dungthinh/wp-settings.php(546): do_action('init')
#4 /var/www/html/dungthinh/wp_dungthinh/wp-config.php(100): require_once('/var/www/html/d...')
#5 /var/www/html/dungthinh/wp_dungthinh/wp-load.php(37): require_once('/var/www/html/d...')
#6 /var/www/html/dungthinh/wp_dungthinh/wp-blog-header.php(13): require_once('/var/www/html/d...')
#7 /var/www/html/dungthinh/wp_dungthinh/index.php(17): require('/var/www/html/d...')
#8 {main}
  thrown in /var/www/html/dungthinh/wp_dungthinh/wp-content/plugins/wprt-addons/vc-map.php on line 22

2020-09-29T05:16:55+00:00 CRITICAL Uncaught Error: Call to undefined function vc_add_shortcode_param() in /var/www/html/dungthinh/wp_dungthinh/wp-content/plugins/wprt-addons/vc-map.php:22
Stack trace:
#0 /var/www/html/dungthinh/wp_dungthinh/wp-includes/class-wp-hook.php(287): vc_add_new_para('')
#1 /var/www/html/dungthinh/wp_dungthinh/wp-includes/class-wp-hook.php(311): WP_Hook->apply_filters(NULL, Array)
#2 /var/www/html/dungthinh/wp_dungthinh/wp-includes/plugin.php(478): WP_Hook->do_action(Array)
#3 /var/www/html/dungthinh/wp_dungthinh/wp-settings.php(546): do_action('init')
#4 /var/www/html/dungthinh/wp_dungthinh/wp-config.php(100): require_once('/var/www/html/d...')
#5 /var/www/html/dungthinh/wp_dungthinh/wp-load.php(37): require_once('/var/www/html/d...')
#6 /var/www/html/dungthinh/wp_dungthinh/wp-cron.php(44): require_once('/var/www/html/d...')
#7 {main}
  thrown in /var/www/html/dungthinh/wp_dungthinh/wp-content/plugins/wprt-addons/vc-map.php on line 22

2020-09-29T05:19:05+00:00 CRITICAL Uncaught Error: Call to undefined function vc_add_shortcode_param() in /var/www/html/dungthinh/wp_dungthinh/wp-content/plugins/wprt-addons/vc-map.php:22
Stack trace:
#0 /var/www/html/dungthinh/wp_dungthinh/wp-includes/class-wp-hook.php(287): vc_add_new_para('')
#1 /var/www/html/dungthinh/wp_dungthinh/wp-includes/class-wp-hook.php(311): WP_Hook->apply_filters(NULL, Array)
#2 /var/www/html/dungthinh/wp_dungthinh/wp-includes/plugin.php(478): WP_Hook->do_action(Array)
#3 /var/www/html/dungthinh/wp_dungthinh/wp-settings.php(546): do_action('init')
#4 /var/www/html/dungthinh/wp_dungthinh/wp-config.php(100): require_once('/var/www/html/d...')
#5 /var/www/html/dungthinh/wp_dungthinh/wp-load.php(37): require_once('/var/www/html/d...')
#6 /var/www/html/dungthinh/wp_dungthinh/wp-login.php(12): require('/var/www/html/d...')
#7 {main}
  thrown in /var/www/html/dungthinh/wp_dungthinh/wp-content/plugins/wprt-addons/vc-map.php on line 22

2020-09-29T05:19:05+00:00 CRITICAL Uncaught Error: Call to undefined function vc_add_shortcode_param() in /var/www/html/dungthinh/wp_dungthinh/wp-content/plugins/wprt-addons/vc-map.php:22
Stack trace:
#0 /var/www/html/dungthinh/wp_dungthinh/wp-includes/class-wp-hook.php(287): vc_add_new_para('')
#1 /var/www/html/dungthinh/wp_dungthinh/wp-includes/class-wp-hook.php(311): WP_Hook->apply_filters(NULL, Array)
#2 /var/www/html/dungthinh/wp_dungthinh/wp-includes/plugin.php(478): WP_Hook->do_action(Array)
#3 /var/www/html/dungthinh/wp_dungthinh/wp-settings.php(546): do_action('init')
#4 /var/www/html/dungthinh/wp_dungthinh/wp-config.php(100): require_once('/var/www/html/d...')
#5 /var/www/html/dungthinh/wp_dungthinh/wp-load.php(37): require_once('/var/www/html/d...')
#6 /var/www/html/dungthinh/wp_dungthinh/wp-cron.php(44): require_once('/var/www/html/d...')
#7 {main}
  thrown in /var/www/html/dungthinh/wp_dungthinh/wp-content/plugins/wprt-addons/vc-map.php on line 22

2020-09-29T05:19:06+00:00 CRITICAL Uncaught Error: Call to undefined function vc_add_shortcode_param() in /var/www/html/dungthinh/wp_dungthinh/wp-content/plugins/wprt-addons/vc-map.php:22
Stack trace:
#0 /var/www/html/dungthinh/wp_dungthinh/wp-includes/class-wp-hook.php(287): vc_add_new_para('')
#1 /var/www/html/dungthinh/wp_dungthinh/wp-includes/class-wp-hook.php(311): WP_Hook->apply_filters(NULL, Array)
#2 /var/www/html/dungthinh/wp_dungthinh/wp-includes/plugin.php(478): WP_Hook->do_action(Array)
#3 /var/www/html/dungthinh/wp_dungthinh/wp-settings.php(546): do_action('init')
#4 /var/www/html/dungthinh/wp_dungthinh/wp-config.php(100): require_once('/var/www/html/d...')
#5 /var/www/html/dungthinh/wp_dungthinh/wp-load.php(37): require_once('/var/www/html/d...')
#6 /var/www/html/dungthinh/wp_dungthinh/wp-login.php(12): require('/var/www/html/d...')
#7 {main}
  thrown in /var/www/html/dungthinh/wp_dungthinh/wp-content/plugins/wprt-addons/vc-map.php on line 22

2020-09-29T05:19:12+00:00 CRITICAL Uncaught Error: Call to undefined function vc_add_shortcode_param() in /var/www/html/dungthinh/wp_dungthinh/wp-content/plugins/wprt-addons/vc-map.php:22
Stack trace:
#0 /var/www/html/dungthinh/wp_dungthinh/wp-includes/class-wp-hook.php(287): vc_add_new_para('')
#1 /var/www/html/dungthinh/wp_dungthinh/wp-includes/class-wp-hook.php(311): WP_Hook->apply_filters(NULL, Array)
#2 /var/www/html/dungthinh/wp_dungthinh/wp-includes/plugin.php(478): WP_Hook->do_action(Array)
#3 /var/www/html/dungthinh/wp_dungthinh/wp-settings.php(546): do_action('init')
#4 /var/www/html/dungthinh/wp_dungthinh/wp-config.php(100): require_once('/var/www/html/d...')
#5 /var/www/html/dungthinh/wp_dungthinh/wp-load.php(37): require_once('/var/www/html/d...')
#6 /var/www/html/dungthinh/wp_dungthinh/xmlrpc.php(31): require_once('/var/www/html/d...')
#7 {main}
  thrown in /var/www/html/dungthinh/wp_dungthinh/wp-content/plugins/wprt-addons/vc-map.php on line 22

2020-09-29T05:21:56+00:00 CRITICAL Uncaught Error: Call to undefined function vc_add_shortcode_param() in /var/www/html/dungthinh/wp_dungthinh/wp-content/plugins/wprt-addons/vc-map.php:22
Stack trace:
#0 /var/www/html/dungthinh/wp_dungthinh/wp-includes/class-wp-hook.php(287): vc_add_new_para('')
#1 /var/www/html/dungthinh/wp_dungthinh/wp-includes/class-wp-hook.php(311): WP_Hook->apply_filters(NULL, Array)
#2 /var/www/html/dungthinh/wp_dungthinh/wp-includes/plugin.php(478): WP_Hook->do_action(Array)
#3 /var/www/html/dungthinh/wp_dungthinh/wp-settings.php(546): do_action('init')
#4 /var/www/html/dungthinh/wp_dungthinh/wp-config.php(100): require_once('/var/www/html/d...')
#5 /var/www/html/dungthinh/wp_dungthinh/wp-load.php(37): require_once('/var/www/html/d...')
#6 /var/www/html/dungthinh/wp_dungthinh/wp-blog-header.php(13): require_once('/var/www/html/d...')
#7 /var/www/html/dungthinh/wp_dungthinh/index.php(17): require('/var/www/html/d...')
#8 {main}
  thrown in /var/www/html/dungthinh/wp_dungthinh/wp-content/plugins/wprt-addons/vc-map.php on line 22

2020-09-29T05:21:56+00:00 CRITICAL Uncaught Error: Call to undefined function vc_add_shortcode_param() in /var/www/html/dungthinh/wp_dungthinh/wp-content/plugins/wprt-addons/vc-map.php:22
Stack trace:
#0 /var/www/html/dungthinh/wp_dungthinh/wp-includes/class-wp-hook.php(287): vc_add_new_para('')
#1 /var/www/html/dungthinh/wp_dungthinh/wp-includes/class-wp-hook.php(311): WP_Hook->apply_filters(NULL, Array)
#2 /var/www/html/dungthinh/wp_dungthinh/wp-includes/plugin.php(478): WP_Hook->do_action(Array)
#3 /var/www/html/dungthinh/wp_dungthinh/wp-settings.php(546): do_action('init')
#4 /var/www/html/dungthinh/wp_dungthinh/wp-config.php(100): require_once('/var/www/html/d...')
#5 /var/www/html/dungthinh/wp_dungthinh/wp-load.php(37): require_once('/var/www/html/d...')
#6 /var/www/html/dungthinh/wp_dungthinh/wp-cron.php(44): require_once('/var/www/html/d...')
#7 {main}
  thrown in /var/www/html/dungthinh/wp_dungthinh/wp-content/plugins/wprt-addons/vc-map.php on line 22

2020-09-29T05:24:09+00:00 CRITICAL Uncaught Error: Call to undefined function vc_add_shortcode_param() in /var/www/html/dungthinh/wp_dungthinh/wp-content/plugins/wprt-addons/vc-map.php:22
Stack trace:
#0 /var/www/html/dungthinh/wp_dungthinh/wp-includes/class-wp-hook.php(287): vc_add_new_para('')
#1 /var/www/html/dungthinh/wp_dungthinh/wp-includes/class-wp-hook.php(311): WP_Hook->apply_filters(NULL, Array)
#2 /var/www/html/dungthinh/wp_dungthinh/wp-includes/plugin.php(478): WP_Hook->do_action(Array)
#3 /var/www/html/dungthinh/wp_dungthinh/wp-settings.php(546): do_action('init')
#4 /var/www/html/dungthinh/wp_dungthinh/wp-config.php(100): require_once('/var/www/html/d...')
#5 /var/www/html/dungthinh/wp_dungthinh/wp-load.php(37): require_once('/var/www/html/d...')
#6 /var/www/html/dungthinh/wp_dungthinh/wp-blog-header.php(13): require_once('/var/www/html/d...')
#7 /var/www/html/dungthinh/wp_dungthinh/index.php(17): require('/var/www/html/d...')
#8 {main}
  thrown in /var/www/html/dungthinh/wp_dungthinh/wp-content/plugins/wprt-addons/vc-map.php on line 22

2020-09-29T05:24:09+00:00 CRITICAL Uncaught Error: Call to undefined function vc_add_shortcode_param() in /var/www/html/dungthinh/wp_dungthinh/wp-content/plugins/wprt-addons/vc-map.php:22
Stack trace:
#0 /var/www/html/dungthinh/wp_dungthinh/wp-includes/class-wp-hook.php(287): vc_add_new_para('')
#1 /var/www/html/dungthinh/wp_dungthinh/wp-includes/class-wp-hook.php(311): WP_Hook->apply_filters(NULL, Array)
#2 /var/www/html/dungthinh/wp_dungthinh/wp-includes/plugin.php(478): WP_Hook->do_action(Array)
#3 /var/www/html/dungthinh/wp_dungthinh/wp-settings.php(546): do_action('init')
#4 /var/www/html/dungthinh/wp_dungthinh/wp-config.php(100): require_once('/var/www/html/d...')
#5 /var/www/html/dungthinh/wp_dungthinh/wp-load.php(37): require_once('/var/www/html/d...')
#6 /var/www/html/dungthinh/wp_dungthinh/wp-cron.php(44): require_once('/var/www/html/d...')
#7 {main}
  thrown in /var/www/html/dungthinh/wp_dungthinh/wp-content/plugins/wprt-addons/vc-map.php on line 22

2020-09-29T05:25:01+00:00 CRITICAL Uncaught Error: Call to undefined function vc_add_shortcode_param() in /var/www/html/dungthinh/wp_dungthinh/wp-content/plugins/wprt-addons/vc-map.php:22
Stack trace:
#0 /var/www/html/dungthinh/wp_dungthinh/wp-includes/class-wp-hook.php(287): vc_add_new_para('')
#1 /var/www/html/dungthinh/wp_dungthinh/wp-includes/class-wp-hook.php(311): WP_Hook->apply_filters(NULL, Array)
#2 /var/www/html/dungthinh/wp_dungthinh/wp-includes/plugin.php(478): WP_Hook->do_action(Array)
#3 /var/www/html/dungthinh/wp_dungthinh/wp-settings.php(546): do_action('init')
#4 /var/www/html/dungthinh/wp_dungthinh/wp-config.php(100): require_once('/var/www/html/d...')
#5 /var/www/html/dungthinh/wp_dungthinh/wp-load.php(37): require_once('/var/www/html/d...')
#6 /var/www/html/dungthinh/wp_dungthinh/wp-login.php(12): require('/var/www/html/d...')
#7 {main}
  thrown in /var/www/html/dungthinh/wp_dungthinh/wp-content/plugins/wprt-addons/vc-map.php on line 22

2020-09-29T05:25:06+00:00 CRITICAL Uncaught Error: Call to undefined function vc_add_shortcode_param() in /var/www/html/dungthinh/wp_dungthinh/wp-content/plugins/wprt-addons/vc-map.php:22
Stack trace:
#0 /var/www/html/dungthinh/wp_dungthinh/wp-includes/class-wp-hook.php(287): vc_add_new_para('')
#1 /var/www/html/dungthinh/wp_dungthinh/wp-includes/class-wp-hook.php(311): WP_Hook->apply_filters(NULL, Array)
#2 /var/www/html/dungthinh/wp_dungthinh/wp-includes/plugin.php(478): WP_Hook->do_action(Array)
#3 /var/www/html/dungthinh/wp_dungthinh/wp-settings.php(546): do_action('init')
#4 /var/www/html/dungthinh/wp_dungthinh/wp-config.php(100): require_once('/var/www/html/d...')
#5 /var/www/html/dungthinh/wp_dungthinh/wp-load.php(37): require_once('/var/www/html/d...')
#6 /var/www/html/dungthinh/wp_dungthinh/wp-blog-header.php(13): require_once('/var/www/html/d...')
#7 /var/www/html/dungthinh/wp_dungthinh/index.php(17): require('/var/www/html/d...')
#8 {main}
  thrown in /var/www/html/dungthinh/wp_dungthinh/wp-content/plugins/wprt-addons/vc-map.php on line 22

2020-09-29T05:25:57+00:00 CRITICAL Uncaught Error: Call to undefined function vc_add_shortcode_param() in /var/www/html/dungthinh/wp_dungthinh/wp-content/plugins/wprt-addons/vc-map.php:22
Stack trace:
#0 /var/www/html/dungthinh/wp_dungthinh/wp-includes/class-wp-hook.php(287): vc_add_new_para('')
#1 /var/www/html/dungthinh/wp_dungthinh/wp-includes/class-wp-hook.php(311): WP_Hook->apply_filters(NULL, Array)
#2 /var/www/html/dungthinh/wp_dungthinh/wp-includes/plugin.php(478): WP_Hook->do_action(Array)
#3 /var/www/html/dungthinh/wp_dungthinh/wp-settings.php(546): do_action('init')
#4 /var/www/html/dungthinh/wp_dungthinh/wp-config.php(100): require_once('/var/www/html/d...')
#5 /var/www/html/dungthinh/wp_dungthinh/wp-load.php(37): require_once('/var/www/html/d...')
#6 /var/www/html/dungthinh/wp_dungthinh/wp-blog-header.php(13): require_once('/var/www/html/d...')
#7 /var/www/html/dungthinh/wp_dungthinh/index.php(17): require('/var/www/html/d...')
#8 {main}
  thrown in /var/www/html/dungthinh/wp_dungthinh/wp-content/plugins/wprt-addons/vc-map.php on line 22

2020-09-29T05:25:57+00:00 CRITICAL Uncaught Error: Call to undefined function vc_add_shortcode_param() in /var/www/html/dungthinh/wp_dungthinh/wp-content/plugins/wprt-addons/vc-map.php:22
Stack trace:
#0 /var/www/html/dungthinh/wp_dungthinh/wp-includes/class-wp-hook.php(287): vc_add_new_para('')
#1 /var/www/html/dungthinh/wp_dungthinh/wp-includes/class-wp-hook.php(311): WP_Hook->apply_filters(NULL, Array)
#2 /var/www/html/dungthinh/wp_dungthinh/wp-includes/plugin.php(478): WP_Hook->do_action(Array)
#3 /var/www/html/dungthinh/wp_dungthinh/wp-settings.php(546): do_action('init')
#4 /var/www/html/dungthinh/wp_dungthinh/wp-config.php(100): require_once('/var/www/html/d...')
#5 /var/www/html/dungthinh/wp_dungthinh/wp-load.php(37): require_once('/var/www/html/d...')
#6 /var/www/html/dungthinh/wp_dungthinh/wp-cron.php(44): require_once('/var/www/html/d...')
#7 {main}
  thrown in /var/www/html/dungthinh/wp_dungthinh/wp-content/plugins/wprt-addons/vc-map.php on line 22

2020-09-29T05:30:38+00:00 CRITICAL Uncaught Error: Call to undefined function vc_add_shortcode_param() in /var/www/html/dungthinh/wp_dungthinh/wp-content/plugins/wprt-addons/vc-map.php:22
Stack trace:
#0 /var/www/html/dungthinh/wp_dungthinh/wp-includes/class-wp-hook.php(287): vc_add_new_para('')
#1 /var/www/html/dungthinh/wp_dungthinh/wp-includes/class-wp-hook.php(311): WP_Hook->apply_filters(NULL, Array)
#2 /var/www/html/dungthinh/wp_dungthinh/wp-includes/plugin.php(478): WP_Hook->do_action(Array)
#3 /var/www/html/dungthinh/wp_dungthinh/wp-settings.php(546): do_action('init')
#4 /var/www/html/dungthinh/wp_dungthinh/wp-config.php(100): require_once('/var/www/html/d...')
#5 /var/www/html/dungthinh/wp_dungthinh/wp-load.php(37): require_once('/var/www/html/d...')
#6 /var/www/html/dungthinh/wp_dungthinh/wp-login.php(12): require('/var/www/html/d...')
#7 {main}
  thrown in /var/www/html/dungthinh/wp_dungthinh/wp-content/plugins/wprt-addons/vc-map.php on line 22

2020-09-29T05:30:39+00:00 CRITICAL Uncaught Error: Call to undefined function vc_add_shortcode_param() in /var/www/html/dungthinh/wp_dungthinh/wp-content/plugins/wprt-addons/vc-map.php:22
Stack trace:
#0 /var/www/html/dungthinh/wp_dungthinh/wp-includes/class-wp-hook.php(287): vc_add_new_para('')
#1 /var/www/html/dungthinh/wp_dungthinh/wp-includes/class-wp-hook.php(311): WP_Hook->apply_filters(NULL, Array)
#2 /var/www/html/dungthinh/wp_dungthinh/wp-includes/plugin.php(478): WP_Hook->do_action(Array)
#3 /var/www/html/dungthinh/wp_dungthinh/wp-settings.php(546): do_action('init')
#4 /var/www/html/dungthinh/wp_dungthinh/wp-config.php(100): require_once('/var/www/html/d...')
#5 /var/www/html/dungthinh/wp_dungthinh/wp-load.php(37): require_once('/var/www/html/d...')
#6 /var/www/html/dungthinh/wp_dungthinh/wp-cron.php(44): require_once('/var/www/html/d...')
#7 {main}
  thrown in /var/www/html/dungthinh/wp_dungthinh/wp-content/plugins/wprt-addons/vc-map.php on line 22

2020-09-29T05:30:39+00:00 CRITICAL Uncaught Error: Call to undefined function vc_add_shortcode_param() in /var/www/html/dungthinh/wp_dungthinh/wp-content/plugins/wprt-addons/vc-map.php:22
Stack trace:
#0 /var/www/html/dungthinh/wp_dungthinh/wp-includes/class-wp-hook.php(287): vc_add_new_para('')
#1 /var/www/html/dungthinh/wp_dungthinh/wp-includes/class-wp-hook.php(311): WP_Hook->apply_filters(NULL, Array)
#2 /var/www/html/dungthinh/wp_dungthinh/wp-includes/plugin.php(478): WP_Hook->do_action(Array)
#3 /var/www/html/dungthinh/wp_dungthinh/wp-settings.php(546): do_action('init')
#4 /var/www/html/dungthinh/wp_dungthinh/wp-config.php(100): require_once('/var/www/html/d...')
#5 /var/www/html/dungthinh/wp_dungthinh/wp-load.php(37): require_once('/var/www/html/d...')
#6 /var/www/html/dungthinh/wp_dungthinh/wp-login.php(12): require('/var/www/html/d...')
#7 {main}
  thrown in /var/www/html/dungthinh/wp_dungthinh/wp-content/plugins/wprt-addons/vc-map.php on line 22

2020-09-29T05:30:40+00:00 CRITICAL Uncaught Error: Call to undefined function vc_add_shortcode_param() in /var/www/html/dungthinh/wp_dungthinh/wp-content/plugins/wprt-addons/vc-map.php:22
Stack trace:
#0 /var/www/html/dungthinh/wp_dungthinh/wp-includes/class-wp-hook.php(287): vc_add_new_para('')
#1 /var/www/html/dungthinh/wp_dungthinh/wp-includes/class-wp-hook.php(311): WP_Hook->apply_filters(NULL, Array)
#2 /var/www/html/dungthinh/wp_dungthinh/wp-includes/plugin.php(478): WP_Hook->do_action(Array)
#3 /var/www/html/dungthinh/wp_dungthinh/wp-settings.php(546): do_action('init')
#4 /var/www/html/dungthinh/wp_dungthinh/wp-config.php(100): require_once('/var/www/html/d...')
#5 /var/www/html/dungthinh/wp_dungthinh/wp-load.php(37): require_once('/var/www/html/d...')
#6 /var/www/html/dungthinh/wp_dungthinh/xmlrpc.php(31): require_once('/var/www/html/d...')
#7 {main}
  thrown in /var/www/html/dungthinh/wp_dungthinh/wp-content/plugins/wprt-addons/vc-map.php on line 22

2020-09-29T05:30:50+00:00 CRITICAL Uncaught Error: Call to undefined function vc_add_shortcode_param() in /var/www/html/dungthinh/wp_dungthinh/wp-content/plugins/wprt-addons/vc-map.php:22
Stack trace:
#0 /var/www/html/dungthinh/wp_dungthinh/wp-includes/class-wp-hook.php(287): vc_add_new_para('')
#1 /var/www/html/dungthinh/wp_dungthinh/wp-includes/class-wp-hook.php(311): WP_Hook->apply_filters(NULL, Array)
#2 /var/www/html/dungthinh/wp_dungthinh/wp-includes/plugin.php(478): WP_Hook->do_action(Array)
#3 /var/www/html/dungthinh/wp_dungthinh/wp-settings.php(546): do_action('init')
#4 /var/www/html/dungthinh/wp_dungthinh/wp-config.php(100): require_once('/var/www/html/d...')
#5 /var/www/html/dungthinh/wp_dungthinh/wp-load.php(37): require_once('/var/www/html/d...')
#6 /var/www/html/dungthinh/wp_dungthinh/wp-blog-header.php(13): require_once('/var/www/html/d...')
#7 /var/www/html/dungthinh/wp_dungthinh/index.php(17): require('/var/www/html/d...')
#8 {main}
  thrown in /var/www/html/dungthinh/wp_dungthinh/wp-content/plugins/wprt-addons/vc-map.php on line 22

2020-09-29T05:30:59+00:00 CRITICAL Uncaught Error: Call to undefined function vc_add_shortcode_param() in /var/www/html/dungthinh/wp_dungthinh/wp-content/plugins/wprt-addons/vc-map.php:22
Stack trace:
#0 /var/www/html/dungthinh/wp_dungthinh/wp-includes/class-wp-hook.php(287): vc_add_new_para('')
#1 /var/www/html/dungthinh/wp_dungthinh/wp-includes/class-wp-hook.php(311): WP_Hook->apply_filters(NULL, Array)
#2 /var/www/html/dungthinh/wp_dungthinh/wp-includes/plugin.php(478): WP_Hook->do_action(Array)
#3 /var/www/html/dungthinh/wp_dungthinh/wp-settings.php(546): do_action('init')
#4 /var/www/html/dungthinh/wp_dungthinh/wp-config.php(100): require_once('/var/www/html/d...')
#5 /var/www/html/dungthinh/wp_dungthinh/wp-load.php(37): require_once('/var/www/html/d...')
#6 /var/www/html/dungthinh/wp_dungthinh/wp-blog-header.php(13): require_once('/var/www/html/d...')
#7 /var/www/html/dungthinh/wp_dungthinh/index.php(17): require('/var/www/html/d...')
#8 {main}
  thrown in /var/www/html/dungthinh/wp_dungthinh/wp-content/plugins/wprt-addons/vc-map.php on line 22

2020-09-29T05:36:02+00:00 CRITICAL Uncaught Error: Call to undefined function vc_add_shortcode_param() in /var/www/html/dungthinh/wp_dungthinh/wp-content/plugins/wprt-addons/vc-map.php:22
Stack trace:
#0 /var/www/html/dungthinh/wp_dungthinh/wp-includes/class-wp-hook.php(287): vc_add_new_para('')
#1 /var/www/html/dungthinh/wp_dungthinh/wp-includes/class-wp-hook.php(311): WP_Hook->apply_filters(NULL, Array)
#2 /var/www/html/dungthinh/wp_dungthinh/wp-includes/plugin.php(478): WP_Hook->do_action(Array)
#3 /var/www/html/dungthinh/wp_dungthinh/wp-settings.php(546): do_action('init')
#4 /var/www/html/dungthinh/wp_dungthinh/wp-config.php(100): require_once('/var/www/html/d...')
#5 /var/www/html/dungthinh/wp_dungthinh/wp-load.php(37): require_once('/var/www/html/d...')
#6 /var/www/html/dungthinh/wp_dungthinh/wp-blog-header.php(13): require_once('/var/www/html/d...')
#7 /var/www/html/dungthinh/wp_dungthinh/index.php(17): require('/var/www/html/d...')
#8 {main}
  thrown in /var/www/html/dungthinh/wp_dungthinh/wp-content/plugins/wprt-addons/vc-map.php on line 22

2020-09-29T05:36:03+00:00 CRITICAL Uncaught Error: Call to undefined function vc_add_shortcode_param() in /var/www/html/dungthinh/wp_dungthinh/wp-content/plugins/wprt-addons/vc-map.php:22
Stack trace:
#0 /var/www/html/dungthinh/wp_dungthinh/wp-includes/class-wp-hook.php(287): vc_add_new_para('')
#1 /var/www/html/dungthinh/wp_dungthinh/wp-includes/class-wp-hook.php(311): WP_Hook->apply_filters(NULL, Array)
#2 /var/www/html/dungthinh/wp_dungthinh/wp-includes/plugin.php(478): WP_Hook->do_action(Array)
#3 /var/www/html/dungthinh/wp_dungthinh/wp-settings.php(546): do_action('init')
#4 /var/www/html/dungthinh/wp_dungthinh/wp-config.php(100): require_once('/var/www/html/d...')
#5 /var/www/html/dungthinh/wp_dungthinh/wp-load.php(37): require_once('/var/www/html/d...')
#6 /var/www/html/dungthinh/wp_dungthinh/wp-cron.php(44): require_once('/var/www/html/d...')
#7 {main}
  thrown in /var/www/html/dungthinh/wp_dungthinh/wp-content/plugins/wprt-addons/vc-map.php on line 22

2020-09-29T05:39:25+00:00 CRITICAL Uncaught Error: Call to undefined function vc_add_shortcode_param() in /var/www/html/dungthinh/wp_dungthinh/wp-content/plugins/wprt-addons/vc-map.php:22
Stack trace:
#0 /var/www/html/dungthinh/wp_dungthinh/wp-includes/class-wp-hook.php(287): vc_add_new_para('')
#1 /var/www/html/dungthinh/wp_dungthinh/wp-includes/class-wp-hook.php(311): WP_Hook->apply_filters(NULL, Array)
#2 /var/www/html/dungthinh/wp_dungthinh/wp-includes/plugin.php(478): WP_Hook->do_action(Array)
#3 /var/www/html/dungthinh/wp_dungthinh/wp-settings.php(546): do_action('init')
#4 /var/www/html/dungthinh/wp_dungthinh/wp-config.php(100): require_once('/var/www/html/d...')
#5 /var/www/html/dungthinh/wp_dungthinh/wp-load.php(37): require_once('/var/www/html/d...')
#6 /var/www/html/dungthinh/wp_dungthinh/wp-blog-header.php(13): require_once('/var/www/html/d...')
#7 /var/www/html/dungthinh/wp_dungthinh/index.php(17): require('/var/www/html/d...')
#8 {main}
  thrown in /var/www/html/dungthinh/wp_dungthinh/wp-content/plugins/wprt-addons/vc-map.php on line 22

2020-09-29T05:39:26+00:00 CRITICAL Uncaught Error: Call to undefined function vc_add_shortcode_param() in /var/www/html/dungthinh/wp_dungthinh/wp-content/plugins/wprt-addons/vc-map.php:22
Stack trace:
#0 /var/www/html/dungthinh/wp_dungthinh/wp-includes/class-wp-hook.php(287): vc_add_new_para('')
#1 /var/www/html/dungthinh/wp_dungthinh/wp-includes/class-wp-hook.php(311): WP_Hook->apply_filters(NULL, Array)
#2 /var/www/html/dungthinh/wp_dungthinh/wp-includes/plugin.php(478): WP_Hook->do_action(Array)
#3 /var/www/html/dungthinh/wp_dungthinh/wp-settings.php(546): do_action('init')
#4 /var/www/html/dungthinh/wp_dungthinh/wp-config.php(100): require_once('/var/www/html/d...')
#5 /var/www/html/dungthinh/wp_dungthinh/wp-load.php(37): require_once('/var/www/html/d...')
#6 /var/www/html/dungthinh/wp_dungthinh/wp-cron.php(44): require_once('/var/www/html/d...')
#7 {main}
  thrown in /var/www/html/dungthinh/wp_dungthinh/wp-content/plugins/wprt-addons/vc-map.php on line 22

2020-09-29T05:40:45+00:00 CRITICAL Uncaught Error: Call to undefined function vc_add_shortcode_param() in /var/www/html/dungthinh/wp_dungthinh/wp-content/plugins/wprt-addons/vc-map.php:22
Stack trace:
#0 /var/www/html/dungthinh/wp_dungthinh/wp-includes/class-wp-hook.php(287): vc_add_new_para('')
#1 /var/www/html/dungthinh/wp_dungthinh/wp-includes/class-wp-hook.php(311): WP_Hook->apply_filters(NULL, Array)
#2 /var/www/html/dungthinh/wp_dungthinh/wp-includes/plugin.php(478): WP_Hook->do_action(Array)
#3 /var/www/html/dungthinh/wp_dungthinh/wp-settings.php(546): do_action('init')
#4 /var/www/html/dungthinh/wp_dungthinh/wp-config.php(100): require_once('/var/www/html/d...')
#5 /var/www/html/dungthinh/wp_dungthinh/wp-load.php(37): require_once('/var/www/html/d...')
#6 /var/www/html/dungthinh/wp_dungthinh/wp-blog-header.php(13): require_once('/var/www/html/d...')
#7 /var/www/html/dungthinh/wp_dungthinh/index.php(17): require('/var/www/html/d...')
#8 {main}
  thrown in /var/www/html/dungthinh/wp_dungthinh/wp-content/plugins/wprt-addons/vc-map.php on line 22

2020-09-29T05:40:46+00:00 CRITICAL Uncaught Error: Call to undefined function vc_add_shortcode_param() in /var/www/html/dungthinh/wp_dungthinh/wp-content/plugins/wprt-addons/vc-map.php:22
Stack trace:
#0 /var/www/html/dungthinh/wp_dungthinh/wp-includes/class-wp-hook.php(287): vc_add_new_para('')
#1 /var/www/html/dungthinh/wp_dungthinh/wp-includes/class-wp-hook.php(311): WP_Hook->apply_filters(NULL, Array)
#2 /var/www/html/dungthinh/wp_dungthinh/wp-includes/plugin.php(478): WP_Hook->do_action(Array)
#3 /var/www/html/dungthinh/wp_dungthinh/wp-settings.php(546): do_action('init')
#4 /var/www/html/dungthinh/wp_dungthinh/wp-config.php(100): require_once('/var/www/html/d...')
#5 /var/www/html/dungthinh/wp_dungthinh/wp-load.php(37): require_once('/var/www/html/d...')
#6 /var/www/html/dungthinh/wp_dungthinh/wp-cron.php(44): require_once('/var/www/html/d...')
#7 {main}
  thrown in /var/www/html/dungthinh/wp_dungthinh/wp-content/plugins/wprt-addons/vc-map.php on line 22

2020-09-29T05:41:05+00:00 CRITICAL Uncaught Error: Call to undefined function vc_add_shortcode_param() in /var/www/html/dungthinh/wp_dungthinh/wp-content/plugins/wprt-addons/vc-map.php:22
Stack trace:
#0 /var/www/html/dungthinh/wp_dungthinh/wp-includes/class-wp-hook.php(287): vc_add_new_para('')
#1 /var/www/html/dungthinh/wp_dungthinh/wp-includes/class-wp-hook.php(311): WP_Hook->apply_filters(NULL, Array)
#2 /var/www/html/dungthinh/wp_dungthinh/wp-includes/plugin.php(478): WP_Hook->do_action(Array)
#3 /var/www/html/dungthinh/wp_dungthinh/wp-settings.php(546): do_action('init')
#4 /var/www/html/dungthinh/wp_dungthinh/wp-config.php(100): require_once('/var/www/html/d...')
#5 /var/www/html/dungthinh/wp_dungthinh/wp-load.php(37): require_once('/var/www/html/d...')
#6 /var/www/html/dungthinh/wp_dungthinh/wp-blog-header.php(13): require_once('/var/www/html/d...')
#7 /var/www/html/dungthinh/wp_dungthinh/index.php(17): require('/var/www/html/d...')
#8 {main}
  thrown in /var/www/html/dungthinh/wp_dungthinh/wp-content/plugins/wprt-addons/vc-map.php on line 22

2020-09-29T05:41:57+00:00 CRITICAL Uncaught Error: Call to undefined function vc_add_shortcode_param() in /var/www/html/dungthinh/wp_dungthinh/wp-content/plugins/wprt-addons/vc-map.php:22
Stack trace:
#0 /var/www/html/dungthinh/wp_dungthinh/wp-includes/class-wp-hook.php(287): vc_add_new_para('')
#1 /var/www/html/dungthinh/wp_dungthinh/wp-includes/class-wp-hook.php(311): WP_Hook->apply_filters(NULL, Array)
#2 /var/www/html/dungthinh/wp_dungthinh/wp-includes/plugin.php(478): WP_Hook->do_action(Array)
#3 /var/www/html/dungthinh/wp_dungthinh/wp-settings.php(546): do_action('init')
#4 /var/www/html/dungthinh/wp_dungthinh/wp-config.php(100): require_once('/var/www/html/d...')
#5 /var/www/html/dungthinh/wp_dungthinh/wp-load.php(37): require_once('/var/www/html/d...')
#6 /var/www/html/dungthinh/wp_dungthinh/wp-blog-header.php(13): require_once('/var/www/html/d...')
#7 /var/www/html/dungthinh/wp_dungthinh/index.php(17): require('/var/www/html/d...')
#8 {main}
  thrown in /var/www/html/dungthinh/wp_dungthinh/wp-content/plugins/wprt-addons/vc-map.php on line 22

2020-09-29T05:41:58+00:00 CRITICAL Uncaught Error: Call to undefined function vc_add_shortcode_param() in /var/www/html/dungthinh/wp_dungthinh/wp-content/plugins/wprt-addons/vc-map.php:22
Stack trace:
#0 /var/www/html/dungthinh/wp_dungthinh/wp-includes/class-wp-hook.php(287): vc_add_new_para('')
#1 /var/www/html/dungthinh/wp_dungthinh/wp-includes/class-wp-hook.php(311): WP_Hook->apply_filters(NULL, Array)
#2 /var/www/html/dungthinh/wp_dungthinh/wp-includes/plugin.php(478): WP_Hook->do_action(Array)
#3 /var/www/html/dungthinh/wp_dungthinh/wp-settings.php(546): do_action('init')
#4 /var/www/html/dungthinh/wp_dungthinh/wp-config.php(100): require_once('/var/www/html/d...')
#5 /var/www/html/dungthinh/wp_dungthinh/wp-load.php(37): require_once('/var/www/html/d...')
#6 /var/www/html/dungthinh/wp_dungthinh/wp-cron.php(44): require_once('/var/www/html/d...')
#7 {main}
  thrown in /var/www/html/dungthinh/wp_dungthinh/wp-content/plugins/wprt-addons/vc-map.php on line 22

2020-09-29T05:42:41+00:00 CRITICAL Uncaught Error: Call to undefined function vc_add_shortcode_param() in /var/www/html/dungthinh/wp_dungthinh/wp-content/plugins/wprt-addons/vc-map.php:22
Stack trace:
#0 /var/www/html/dungthinh/wp_dungthinh/wp-includes/class-wp-hook.php(287): vc_add_new_para('')
#1 /var/www/html/dungthinh/wp_dungthinh/wp-includes/class-wp-hook.php(311): WP_Hook->apply_filters(NULL, Array)
#2 /var/www/html/dungthinh/wp_dungthinh/wp-includes/plugin.php(478): WP_Hook->do_action(Array)
#3 /var/www/html/dungthinh/wp_dungthinh/wp-settings.php(546): do_action('init')
#4 /var/www/html/dungthinh/wp_dungthinh/wp-config.php(100): require_once('/var/www/html/d...')
#5 /var/www/html/dungthinh/wp_dungthinh/wp-load.php(37): require_once('/var/www/html/d...')
#6 /var/www/html/dungthinh/wp_dungthinh/wp-login.php(12): require('/var/www/html/d...')
#7 {main}
  thrown in /var/www/html/dungthinh/wp_dungthinh/wp-content/plugins/wprt-addons/vc-map.php on line 22

2020-09-29T05:42:47+00:00 CRITICAL Uncaught Error: Call to undefined function vc_add_shortcode_param() in /var/www/html/dungthinh/wp_dungthinh/wp-content/plugins/wprt-addons/vc-map.php:22
Stack trace:
#0 /var/www/html/dungthinh/wp_dungthinh/wp-includes/class-wp-hook.php(287): vc_add_new_para('')
#1 /var/www/html/dungthinh/wp_dungthinh/wp-includes/class-wp-hook.php(311): WP_Hook->apply_filters(NULL, Array)
#2 /var/www/html/dungthinh/wp_dungthinh/wp-includes/plugin.php(478): WP_Hook->do_action(Array)
#3 /var/www/html/dungthinh/wp_dungthinh/wp-settings.php(546): do_action('init')
#4 /var/www/html/dungthinh/wp_dungthinh/wp-config.php(100): require_once('/var/www/html/d...')
#5 /var/www/html/dungthinh/wp_dungthinh/wp-load.php(37): require_once('/var/www/html/d...')
#6 /var/www/html/dungthinh/wp_dungthinh/wp-login.php(12): require('/var/www/html/d...')
#7 {main}
  thrown in /var/www/html/dungthinh/wp_dungthinh/wp-content/plugins/wprt-addons/vc-map.php on line 22

2020-09-29T05:42:51+00:00 CRITICAL Uncaught Error: Call to undefined function vc_add_shortcode_param() in /var/www/html/dungthinh/wp_dungthinh/wp-content/plugins/wprt-addons/vc-map.php:22
Stack trace:
#0 /var/www/html/dungthinh/wp_dungthinh/wp-includes/class-wp-hook.php(287): vc_add_new_para('')
#1 /var/www/html/dungthinh/wp_dungthinh/wp-includes/class-wp-hook.php(311): WP_Hook->apply_filters(NULL, Array)
#2 /var/www/html/dungthinh/wp_dungthinh/wp-includes/plugin.php(478): WP_Hook->do_action(Array)
#3 /var/www/html/dungthinh/wp_dungthinh/wp-settings.php(546): do_action('init')
#4 /var/www/html/dungthinh/wp_dungthinh/wp-config.php(100): require_once('/var/www/html/d...')
#5 /var/www/html/dungthinh/wp_dungthinh/wp-load.php(37): require_once('/var/www/html/d...')
#6 /var/www/html/dungthinh/wp_dungthinh/xmlrpc.php(31): require_once('/var/www/html/d...')
#7 {main}
  thrown in /var/www/html/dungthinh/wp_dungthinh/wp-content/plugins/wprt-addons/vc-map.php on line 22

2020-09-29T05:45:17+00:00 CRITICAL Uncaught Error: Call to undefined function vc_add_shortcode_param() in /var/www/html/dungthinh/wp_dungthinh/wp-content/plugins/wprt-addons/vc-map.php:22
Stack trace:
#0 /var/www/html/dungthinh/wp_dungthinh/wp-includes/class-wp-hook.php(287): vc_add_new_para('')
#1 /var/www/html/dungthinh/wp_dungthinh/wp-includes/class-wp-hook.php(311): WP_Hook->apply_filters(NULL, Array)
#2 /var/www/html/dungthinh/wp_dungthinh/wp-includes/plugin.php(478): WP_Hook->do_action(Array)
#3 /var/www/html/dungthinh/wp_dungthinh/wp-settings.php(546): do_action('init')
#4 /var/www/html/dungthinh/wp_dungthinh/wp-config.php(100): require_once('/var/www/html/d...')
#5 /var/www/html/dungthinh/wp_dungthinh/wp-load.php(37): require_once('/var/www/html/d...')
#6 /var/www/html/dungthinh/wp_dungthinh/wp-blog-header.php(13): require_once('/var/www/html/d...')
#7 /var/www/html/dungthinh/wp_dungthinh/index.php(17): require('/var/www/html/d...')
#8 {main}
  thrown in /var/www/html/dungthinh/wp_dungthinh/wp-content/plugins/wprt-addons/vc-map.php on line 22

2020-09-29T05:45:17+00:00 CRITICAL Uncaught Error: Call to undefined function vc_add_shortcode_param() in /var/www/html/dungthinh/wp_dungthinh/wp-content/plugins/wprt-addons/vc-map.php:22
Stack trace:
#0 /var/www/html/dungthinh/wp_dungthinh/wp-includes/class-wp-hook.php(287): vc_add_new_para('')
#1 /var/www/html/dungthinh/wp_dungthinh/wp-includes/class-wp-hook.php(311): WP_Hook->apply_filters(NULL, Array)
#2 /var/www/html/dungthinh/wp_dungthinh/wp-includes/plugin.php(478): WP_Hook->do_action(Array)
#3 /var/www/html/dungthinh/wp_dungthinh/wp-settings.php(546): do_action('init')
#4 /var/www/html/dungthinh/wp_dungthinh/wp-config.php(100): require_once('/var/www/html/d...')
#5 /var/www/html/dungthinh/wp_dungthinh/wp-load.php(37): require_once('/var/www/html/d...')
#6 /var/www/html/dungthinh/wp_dungthinh/wp-cron.php(44): require_once('/var/www/html/d...')
#7 {main}
  thrown in /var/www/html/dungthinh/wp_dungthinh/wp-content/plugins/wprt-addons/vc-map.php on line 22

2020-09-29T05:46:07+00:00 CRITICAL Uncaught Error: Call to undefined function vc_add_shortcode_param() in /var/www/html/dungthinh/wp_dungthinh/wp-content/plugins/wprt-addons/vc-map.php:22
Stack trace:
#0 /var/www/html/dungthinh/wp_dungthinh/wp-includes/class-wp-hook.php(287): vc_add_new_para('')
#1 /var/www/html/dungthinh/wp_dungthinh/wp-includes/class-wp-hook.php(311): WP_Hook->apply_filters(NULL, Array)
#2 /var/www/html/dungthinh/wp_dungthinh/wp-includes/plugin.php(478): WP_Hook->do_action(Array)
#3 /var/www/html/dungthinh/wp_dungthinh/wp-settings.php(546): do_action('init')
#4 /var/www/html/dungthinh/wp_dungthinh/wp-config.php(100): require_once('/var/www/html/d...')
#5 /var/www/html/dungthinh/wp_dungthinh/wp-load.php(37): require_once('/var/www/html/d...')
#6 /var/www/html/dungthinh/wp_dungthinh/wp-blog-header.php(13): require_once('/var/www/html/d...')
#7 /var/www/html/dungthinh/wp_dungthinh/index.php(17): require('/var/www/html/d...')
#8 {main}
  thrown in /var/www/html/dungthinh/wp_dungthinh/wp-content/plugins/wprt-addons/vc-map.php on line 22

2020-09-29T05:46:16+00:00 CRITICAL Uncaught Error: Call to undefined function vc_add_shortcode_param() in /var/www/html/dungthinh/wp_dungthinh/wp-content/plugins/wprt-addons/vc-map.php:22
Stack trace:
#0 /var/www/html/dungthinh/wp_dungthinh/wp-includes/class-wp-hook.php(287): vc_add_new_para('')
#1 /var/www/html/dungthinh/wp_dungthinh/wp-includes/class-wp-hook.php(311): WP_Hook->apply_filters(NULL, Array)
#2 /var/www/html/dungthinh/wp_dungthinh/wp-includes/plugin.php(478): WP_Hook->do_action(Array)
#3 /var/www/html/dungthinh/wp_dungthinh/wp-settings.php(546): do_action('init')
#4 /var/www/html/dungthinh/wp_dungthinh/wp-config.php(100): require_once('/var/www/html/d...')
#5 /var/www/html/dungthinh/wp_dungthinh/wp-load.php(37): require_once('/var/www/html/d...')
#6 /var/www/html/dungthinh/wp_dungthinh/wp-login.php(12): require('/var/www/html/d...')
#7 {main}
  thrown in /var/www/html/dungthinh/wp_dungthinh/wp-content/plugins/wprt-addons/vc-map.php on line 22

2020-09-29T05:50:13+00:00 CRITICAL Uncaught Error: Call to undefined function vc_add_shortcode_param() in /var/www/html/dungthinh/wp_dungthinh/wp-content/plugins/wprt-addons/vc-map.php:22
Stack trace:
#0 /var/www/html/dungthinh/wp_dungthinh/wp-includes/class-wp-hook.php(287): vc_add_new_para('')
#1 /var/www/html/dungthinh/wp_dungthinh/wp-includes/class-wp-hook.php(311): WP_Hook->apply_filters(NULL, Array)
#2 /var/www/html/dungthinh/wp_dungthinh/wp-includes/plugin.php(478): WP_Hook->do_action(Array)
#3 /var/www/html/dungthinh/wp_dungthinh/wp-settings.php(546): do_action('init')
#4 /var/www/html/dungthinh/wp_dungthinh/wp-config.php(100): require_once('/var/www/html/d...')
#5 /var/www/html/dungthinh/wp_dungthinh/wp-load.php(37): require_once('/var/www/html/d...')
#6 /var/www/html/dungthinh/wp_dungthinh/wp-blog-header.php(13): require_once('/var/www/html/d...')
#7 /var/www/html/dungthinh/wp_dungthinh/index.php(17): require('/var/www/html/d...')
#8 {main}
  thrown in /var/www/html/dungthinh/wp_dungthinh/wp-content/plugins/wprt-addons/vc-map.php on line 22

2020-09-29T05:50:13+00:00 CRITICAL Uncaught Error: Call to undefined function vc_add_shortcode_param() in /var/www/html/dungthinh/wp_dungthinh/wp-content/plugins/wprt-addons/vc-map.php:22
Stack trace:
#0 /var/www/html/dungthinh/wp_dungthinh/wp-includes/class-wp-hook.php(287): vc_add_new_para('')
#1 /var/www/html/dungthinh/wp_dungthinh/wp-includes/class-wp-hook.php(311): WP_Hook->apply_filters(NULL, Array)
#2 /var/www/html/dungthinh/wp_dungthinh/wp-includes/plugin.php(478): WP_Hook->do_action(Array)
#3 /var/www/html/dungthinh/wp_dungthinh/wp-settings.php(546): do_action('init')
#4 /var/www/html/dungthinh/wp_dungthinh/wp-config.php(100): require_once('/var/www/html/d...')
#5 /var/www/html/dungthinh/wp_dungthinh/wp-load.php(37): require_once('/var/www/html/d...')
#6 /var/www/html/dungthinh/wp_dungthinh/wp-cron.php(44): require_once('/var/www/html/d...')
#7 {main}
  thrown in /var/www/html/dungthinh/wp_dungthinh/wp-content/plugins/wprt-addons/vc-map.php on line 22

2020-09-29T05:51:11+00:00 CRITICAL Uncaught Error: Call to undefined function vc_add_shortcode_param() in /var/www/html/dungthinh/wp_dungthinh/wp-content/plugins/wprt-addons/vc-map.php:22
Stack trace:
#0 /var/www/html/dungthinh/wp_dungthinh/wp-includes/class-wp-hook.php(287): vc_add_new_para('')
#1 /var/www/html/dungthinh/wp_dungthinh/wp-includes/class-wp-hook.php(311): WP_Hook->apply_filters(NULL, Array)
#2 /var/www/html/dungthinh/wp_dungthinh/wp-includes/plugin.php(478): WP_Hook->do_action(Array)
#3 /var/www/html/dungthinh/wp_dungthinh/wp-settings.php(546): do_action('init')
#4 /var/www/html/dungthinh/wp_dungthinh/wp-config.php(100): require_once('/var/www/html/d...')
#5 /var/www/html/dungthinh/wp_dungthinh/wp-load.php(37): require_once('/var/www/html/d...')
#6 /var/www/html/dungthinh/wp_dungthinh/wp-blog-header.php(13): require_once('/var/www/html/d...')
#7 /var/www/html/dungthinh/wp_dungthinh/index.php(17): require('/var/www/html/d...')
#8 {main}
  thrown in /var/www/html/dungthinh/wp_dungthinh/wp-content/plugins/wprt-addons/vc-map.php on line 22

2020-09-29T05:53:56+00:00 CRITICAL Uncaught Error: Call to undefined function vc_add_shortcode_param() in /var/www/html/dungthinh/wp_dungthinh/wp-content/plugins/wprt-addons/vc-map.php:22
Stack trace:
#0 /var/www/html/dungthinh/wp_dungthinh/wp-includes/class-wp-hook.php(287): vc_add_new_para('')
#1 /var/www/html/dungthinh/wp_dungthinh/wp-includes/class-wp-hook.php(311): WP_Hook->apply_filters(NULL, Array)
#2 /var/www/html/dungthinh/wp_dungthinh/wp-includes/plugin.php(478): WP_Hook->do_action(Array)
#3 /var/www/html/dungthinh/wp_dungthinh/wp-settings.php(546): do_action('init')
#4 /var/www/html/dungthinh/wp_dungthinh/wp-config.php(100): require_once('/var/www/html/d...')
#5 /var/www/html/dungthinh/wp_dungthinh/wp-load.php(37): require_once('/var/www/html/d...')
#6 /var/www/html/dungthinh/wp_dungthinh/wp-login.php(12): require('/var/www/html/d...')
#7 {main}
  thrown in /var/www/html/dungthinh/wp_dungthinh/wp-content/plugins/wprt-addons/vc-map.php on line 22

2020-09-29T05:53:57+00:00 CRITICAL Uncaught Error: Call to undefined function vc_add_shortcode_param() in /var/www/html/dungthinh/wp_dungthinh/wp-content/plugins/wprt-addons/vc-map.php:22
Stack trace:
#0 /var/www/html/dungthinh/wp_dungthinh/wp-includes/class-wp-hook.php(287): vc_add_new_para('')
#1 /var/www/html/dungthinh/wp_dungthinh/wp-includes/class-wp-hook.php(311): WP_Hook->apply_filters(NULL, Array)
#2 /var/www/html/dungthinh/wp_dungthinh/wp-includes/plugin.php(478): WP_Hook->do_action(Array)
#3 /var/www/html/dungthinh/wp_dungthinh/wp-settings.php(546): do_action('init')
#4 /var/www/html/dungthinh/wp_dungthinh/wp-config.php(100): require_once('/var/www/html/d...')
#5 /var/www/html/dungthinh/wp_dungthinh/wp-load.php(37): require_once('/var/www/html/d...')
#6 /var/www/html/dungthinh/wp_dungthinh/wp-cron.php(44): require_once('/var/www/html/d...')
#7 {main}
  thrown in /var/www/html/dungthinh/wp_dungthinh/wp-content/plugins/wprt-addons/vc-map.php on line 22

2020-09-29T05:53:57+00:00 CRITICAL Uncaught Error: Call to undefined function vc_add_shortcode_param() in /var/www/html/dungthinh/wp_dungthinh/wp-content/plugins/wprt-addons/vc-map.php:22
Stack trace:
#0 /var/www/html/dungthinh/wp_dungthinh/wp-includes/class-wp-hook.php(287): vc_add_new_para('')
#1 /var/www/html/dungthinh/wp_dungthinh/wp-includes/class-wp-hook.php(311): WP_Hook->apply_filters(NULL, Array)
#2 /var/www/html/dungthinh/wp_dungthinh/wp-includes/plugin.php(478): WP_Hook->do_action(Array)
#3 /var/www/html/dungthinh/wp_dungthinh/wp-settings.php(546): do_action('init')
#4 /var/www/html/dungthinh/wp_dungthinh/wp-config.php(100): require_once('/var/www/html/d...')
#5 /var/www/html/dungthinh/wp_dungthinh/wp-load.php(37): require_once('/var/www/html/d...')
#6 /var/www/html/dungthinh/wp_dungthinh/wp-login.php(12): require('/var/www/html/d...')
#7 {main}
  thrown in /var/www/html/dungthinh/wp_dungthinh/wp-content/plugins/wprt-addons/vc-map.php on line 22

2020-09-29T05:53:58+00:00 CRITICAL Uncaught Error: Call to undefined function vc_add_shortcode_param() in /var/www/html/dungthinh/wp_dungthinh/wp-content/plugins/wprt-addons/vc-map.php:22
Stack trace:
#0 /var/www/html/dungthinh/wp_dungthinh/wp-includes/class-wp-hook.php(287): vc_add_new_para('')
#1 /var/www/html/dungthinh/wp_dungthinh/wp-includes/class-wp-hook.php(311): WP_Hook->apply_filters(NULL, Array)
#2 /var/www/html/dungthinh/wp_dungthinh/wp-includes/plugin.php(478): WP_Hook->do_action(Array)
#3 /var/www/html/dungthinh/wp_dungthinh/wp-settings.php(546): do_action('init')
#4 /var/www/html/dungthinh/wp_dungthinh/wp-config.php(100): require_once('/var/www/html/d...')
#5 /var/www/html/dungthinh/wp_dungthinh/wp-load.php(37): require_once('/var/www/html/d...')
#6 /var/www/html/dungthinh/wp_dungthinh/xmlrpc.php(31): require_once('/var/www/html/d...')
#7 {main}
  thrown in /var/www/html/dungthinh/wp_dungthinh/wp-content/plugins/wprt-addons/vc-map.php on line 22

2020-09-29T05:54:16+00:00 CRITICAL Uncaught Error: Call to undefined function vc_add_shortcode_param() in /var/www/html/dungthinh/wp_dungthinh/wp-content/plugins/wprt-addons/vc-map.php:22
Stack trace:
#0 /var/www/html/dungthinh/wp_dungthinh/wp-includes/class-wp-hook.php(287): vc_add_new_para('')
#1 /var/www/html/dungthinh/wp_dungthinh/wp-includes/class-wp-hook.php(311): WP_Hook->apply_filters(NULL, Array)
#2 /var/www/html/dungthinh/wp_dungthinh/wp-includes/plugin.php(478): WP_Hook->do_action(Array)
#3 /var/www/html/dungthinh/wp_dungthinh/wp-settings.php(546): do_action('init')
#4 /var/www/html/dungthinh/wp_dungthinh/wp-config.php(100): require_once('/var/www/html/d...')
#5 /var/www/html/dungthinh/wp_dungthinh/wp-load.php(37): require_once('/var/www/html/d...')
#6 /var/www/html/dungthinh/wp_dungthinh/wp-blog-header.php(13): require_once('/var/www/html/d...')
#7 /var/www/html/dungthinh/wp_dungthinh/index.php(17): require('/var/www/html/d...')
#8 {main}
  thrown in /var/www/html/dungthinh/wp_dungthinh/wp-content/plugins/wprt-addons/vc-map.php on line 22

2020-09-29T05:56:13+00:00 CRITICAL Uncaught Error: Call to undefined function vc_add_shortcode_param() in /var/www/html/dungthinh/wp_dungthinh/wp-content/plugins/wprt-addons/vc-map.php:22
Stack trace:
#0 /var/www/html/dungthinh/wp_dungthinh/wp-includes/class-wp-hook.php(287): vc_add_new_para('')
#1 /var/www/html/dungthinh/wp_dungthinh/wp-includes/class-wp-hook.php(311): WP_Hook->apply_filters(NULL, Array)
#2 /var/www/html/dungthinh/wp_dungthinh/wp-includes/plugin.php(478): WP_Hook->do_action(Array)
#3 /var/www/html/dungthinh/wp_dungthinh/wp-settings.php(546): do_action('init')
#4 /var/www/html/dungthinh/wp_dungthinh/wp-config.php(100): require_once('/var/www/html/d...')
#5 /var/www/html/dungthinh/wp_dungthinh/wp-load.php(37): require_once('/var/www/html/d...')
#6 /var/www/html/dungthinh/wp_dungthinh/wp-blog-header.php(13): require_once('/var/www/html/d...')
#7 /var/www/html/dungthinh/wp_dungthinh/index.php(17): require('/var/www/html/d...')
#8 {main}
  thrown in /var/www/html/dungthinh/wp_dungthinh/wp-content/plugins/wprt-addons/vc-map.php on line 22

2020-09-29T05:56:13+00:00 CRITICAL Uncaught Error: Call to undefined function vc_add_shortcode_param() in /var/www/html/dungthinh/wp_dungthinh/wp-content/plugins/wprt-addons/vc-map.php:22
Stack trace:
#0 /var/www/html/dungthinh/wp_dungthinh/wp-includes/class-wp-hook.php(287): vc_add_new_para('')
#1 /var/www/html/dungthinh/wp_dungthinh/wp-includes/class-wp-hook.php(311): WP_Hook->apply_filters(NULL, Array)
#2 /var/www/html/dungthinh/wp_dungthinh/wp-includes/plugin.php(478): WP_Hook->do_action(Array)
#3 /var/www/html/dungthinh/wp_dungthinh/wp-settings.php(546): do_action('init')
#4 /var/www/html/dungthinh/wp_dungthinh/wp-config.php(100): require_once('/var/www/html/d...')
#5 /var/www/html/dungthinh/wp_dungthinh/wp-load.php(37): require_once('/var/www/html/d...')
#6 /var/www/html/dungthinh/wp_dungthinh/wp-cron.php(44): require_once('/var/www/html/d...')
#7 {main}
  thrown in /var/www/html/dungthinh/wp_dungthinh/wp-content/plugins/wprt-addons/vc-map.php on line 22

2020-09-29T05:56:58+00:00 CRITICAL Uncaught Error: Call to undefined function vc_add_shortcode_param() in /var/www/html/dungthinh/wp_dungthinh/wp-content/plugins/wprt-addons/vc-map.php:22
Stack trace:
#0 /var/www/html/dungthinh/wp_dungthinh/wp-includes/class-wp-hook.php(287): vc_add_new_para('')
#1 /var/www/html/dungthinh/wp_dungthinh/wp-includes/class-wp-hook.php(311): WP_Hook->apply_filters(NULL, Array)
#2 /var/www/html/dungthinh/wp_dungthinh/wp-includes/plugin.php(478): WP_Hook->do_action(Array)
#3 /var/www/html/dungthinh/wp_dungthinh/wp-settings.php(546): do_action('init')
#4 /var/www/html/dungthinh/wp_dungthinh/wp-config.php(100): require_once('/var/www/html/d...')
#5 /var/www/html/dungthinh/wp_dungthinh/wp-load.php(37): require_once('/var/www/html/d...')
#6 /var/www/html/dungthinh/wp_dungthinh/wp-blog-header.php(13): require_once('/var/www/html/d...')
#7 /var/www/html/dungthinh/wp_dungthinh/index.php(17): require('/var/www/html/d...')
#8 {main}
  thrown in /var/www/html/dungthinh/wp_dungthinh/wp-content/plugins/wprt-addons/vc-map.php on line 22

2020-09-29T05:58:03+00:00 CRITICAL Uncaught Error: Call to undefined function vc_add_shortcode_param() in /var/www/html/dungthinh/wp_dungthinh/wp-content/plugins/wprt-addons/vc-map.php:22
Stack trace:
#0 /var/www/html/dungthinh/wp_dungthinh/wp-includes/class-wp-hook.php(287): vc_add_new_para('')
#1 /var/www/html/dungthinh/wp_dungthinh/wp-includes/class-wp-hook.php(311): WP_Hook->apply_filters(NULL, Array)
#2 /var/www/html/dungthinh/wp_dungthinh/wp-includes/plugin.php(478): WP_Hook->do_action(Array)
#3 /var/www/html/dungthinh/wp_dungthinh/wp-settings.php(546): do_action('init')
#4 /var/www/html/dungthinh/wp_dungthinh/wp-config.php(100): require_once('/var/www/html/d...')
#5 /var/www/html/dungthinh/wp_dungthinh/wp-load.php(37): require_once('/var/www/html/d...')
#6 /var/www/html/dungthinh/wp_dungthinh/wp-blog-header.php(13): require_once('/var/www/html/d...')
#7 /var/www/html/dungthinh/wp_dungthinh/index.php(17): require('/var/www/html/d...')
#8 {main}
  thrown in /var/www/html/dungthinh/wp_dungthinh/wp-content/plugins/wprt-addons/vc-map.php on line 22

2020-09-29T05:58:03+00:00 CRITICAL Uncaught Error: Call to undefined function vc_add_shortcode_param() in /var/www/html/dungthinh/wp_dungthinh/wp-content/plugins/wprt-addons/vc-map.php:22
Stack trace:
#0 /var/www/html/dungthinh/wp_dungthinh/wp-includes/class-wp-hook.php(287): vc_add_new_para('')
#1 /var/www/html/dungthinh/wp_dungthinh/wp-includes/class-wp-hook.php(311): WP_Hook->apply_filters(NULL, Array)
#2 /var/www/html/dungthinh/wp_dungthinh/wp-includes/plugin.php(478): WP_Hook->do_action(Array)
#3 /var/www/html/dungthinh/wp_dungthinh/wp-settings.php(546): do_action('init')
#4 /var/www/html/dungthinh/wp_dungthinh/wp-config.php(100): require_once('/var/www/html/d...')
#5 /var/www/html/dungthinh/wp_dungthinh/wp-load.php(37): require_once('/var/www/html/d...')
#6 /var/www/html/dungthinh/wp_dungthinh/wp-cron.php(44): require_once('/var/www/html/d...')
#7 {main}
  thrown in /var/www/html/dungthinh/wp_dungthinh/wp-content/plugins/wprt-addons/vc-map.php on line 22

2020-09-29T05:59:57+00:00 CRITICAL Uncaught Error: Call to undefined function vc_add_shortcode_param() in /var/www/html/dungthinh/wp_dungthinh/wp-content/plugins/wprt-addons/vc-map.php:22
Stack trace:
#0 /var/www/html/dungthinh/wp_dungthinh/wp-includes/class-wp-hook.php(287): vc_add_new_para('')
#1 /var/www/html/dungthinh/wp_dungthinh/wp-includes/class-wp-hook.php(311): WP_Hook->apply_filters(NULL, Array)
#2 /var/www/html/dungthinh/wp_dungthinh/wp-includes/plugin.php(478): WP_Hook->do_action(Array)
#3 /var/www/html/dungthinh/wp_dungthinh/wp-settings.php(546): do_action('init')
#4 /var/www/html/dungthinh/wp_dungthinh/wp-config.php(100): require_once('/var/www/html/d...')
#5 /var/www/html/dungthinh/wp_dungthinh/wp-load.php(37): require_once('/var/www/html/d...')
#6 /var/www/html/dungthinh/wp_dungthinh/wp-blog-header.php(13): require_once('/var/www/html/d...')
#7 /var/www/html/dungthinh/wp_dungthinh/index.php(17): require('/var/www/html/d...')
#8 {main}
  thrown in /var/www/html/dungthinh/wp_dungthinh/wp-content/plugins/wprt-addons/vc-map.php on line 22

2020-09-29T05:59:57+00:00 CRITICAL Uncaught Error: Call to undefined function vc_add_shortcode_param() in /var/www/html/dungthinh/wp_dungthinh/wp-content/plugins/wprt-addons/vc-map.php:22
Stack trace:
#0 /var/www/html/dungthinh/wp_dungthinh/wp-includes/class-wp-hook.php(287): vc_add_new_para('')
#1 /var/www/html/dungthinh/wp_dungthinh/wp-includes/class-wp-hook.php(311): WP_Hook->apply_filters(NULL, Array)
#2 /var/www/html/dungthinh/wp_dungthinh/wp-includes/plugin.php(478): WP_Hook->do_action(Array)
#3 /var/www/html/dungthinh/wp_dungthinh/wp-settings.php(546): do_action('init')
#4 /var/www/html/dungthinh/wp_dungthinh/wp-config.php(100): require_once('/var/www/html/d...')
#5 /var/www/html/dungthinh/wp_dungthinh/wp-load.php(37): require_once('/var/www/html/d...')
#6 /var/www/html/dungthinh/wp_dungthinh/wp-cron.php(44): require_once('/var/www/html/d...')
#7 {main}
  thrown in /var/www/html/dungthinh/wp_dungthinh/wp-content/plugins/wprt-addons/vc-map.php on line 22

2020-09-29T06:00:34+00:00 CRITICAL Uncaught Error: Call to undefined function vc_add_shortcode_param() in /var/www/html/dungthinh/wp_dungthinh/wp-content/plugins/wprt-addons/vc-map.php:22
Stack trace:
#0 /var/www/html/dungthinh/wp_dungthinh/wp-includes/class-wp-hook.php(287): vc_add_new_para('')
#1 /var/www/html/dungthinh/wp_dungthinh/wp-includes/class-wp-hook.php(311): WP_Hook->apply_filters(NULL, Array)
#2 /var/www/html/dungthinh/wp_dungthinh/wp-includes/plugin.php(478): WP_Hook->do_action(Array)
#3 /var/www/html/dungthinh/wp_dungthinh/wp-settings.php(546): do_action('init')
#4 /var/www/html/dungthinh/wp_dungthinh/wp-config.php(100): require_once('/var/www/html/d...')
#5 /var/www/html/dungthinh/wp_dungthinh/wp-load.php(37): require_once('/var/www/html/d...')
#6 /var/www/html/dungthinh/wp_dungthinh/wp-blog-header.php(13): require_once('/var/www/html/d...')
#7 /var/www/html/dungthinh/wp_dungthinh/index.php(17): require('/var/www/html/d...')
#8 {main}
  thrown in /var/www/html/dungthinh/wp_dungthinh/wp-content/plugins/wprt-addons/vc-map.php on line 22

2020-09-29T06:00:47+00:00 CRITICAL Uncaught Error: Call to undefined function vc_add_shortcode_param() in /var/www/html/dungthinh/wp_dungthinh/wp-content/plugins/wprt-addons/vc-map.php:22
Stack trace:
#0 /var/www/html/dungthinh/wp_dungthinh/wp-includes/class-wp-hook.php(287): vc_add_new_para('')
#1 /var/www/html/dungthinh/wp_dungthinh/wp-includes/class-wp-hook.php(311): WP_Hook->apply_filters(NULL, Array)
#2 /var/www/html/dungthinh/wp_dungthinh/wp-includes/plugin.php(478): WP_Hook->do_action(Array)
#3 /var/www/html/dungthinh/wp_dungthinh/wp-settings.php(546): do_action('init')
#4 /var/www/html/dungthinh/wp_dungthinh/wp-config.php(100): require_once('/var/www/html/d...')
#5 /var/www/html/dungthinh/wp_dungthinh/wp-load.php(37): require_once('/var/www/html/d...')
#6 /var/www/html/dungthinh/wp_dungthinh/wp-blog-header.php(13): require_once('/var/www/html/d...')
#7 /var/www/html/dungthinh/wp_dungthinh/index.php(17): require('/var/www/html/d...')
#8 {main}
  thrown in /var/www/html/dungthinh/wp_dungthinh/wp-content/plugins/wprt-addons/vc-map.php on line 22

2020-09-29T06:00:50+00:00 CRITICAL Uncaught Error: Call to undefined function vc_add_shortcode_param() in /var/www/html/dungthinh/wp_dungthinh/wp-content/plugins/wprt-addons/vc-map.php:22
Stack trace:
#0 /var/www/html/dungthinh/wp_dungthinh/wp-includes/class-wp-hook.php(287): vc_add_new_para('')
#1 /var/www/html/dungthinh/wp_dungthinh/wp-includes/class-wp-hook.php(311): WP_Hook->apply_filters(NULL, Array)
#2 /var/www/html/dungthinh/wp_dungthinh/wp-includes/plugin.php(478): WP_Hook->do_action(Array)
#3 /var/www/html/dungthinh/wp_dungthinh/wp-settings.php(546): do_action('init')
#4 /var/www/html/dungthinh/wp_dungthinh/wp-config.php(100): require_once('/var/www/html/d...')
#5 /var/www/html/dungthinh/wp_dungthinh/wp-load.php(37): require_once('/var/www/html/d...')
#6 /var/www/html/dungthinh/wp_dungthinh/wp-blog-header.php(13): require_once('/var/www/html/d...')
#7 /var/www/html/dungthinh/wp_dungthinh/index.php(17): require('/var/www/html/d...')
#8 {main}
  thrown in /var/www/html/dungthinh/wp_dungthinh/wp-content/plugins/wprt-addons/vc-map.php on line 22

2020-09-29T06:01:26+00:00 CRITICAL Uncaught Error: Call to undefined function vc_add_shortcode_param() in /var/www/html/dungthinh/wp_dungthinh/wp-content/plugins/wprt-addons/vc-map.php:22
Stack trace:
#0 /var/www/html/dungthinh/wp_dungthinh/wp-includes/class-wp-hook.php(287): vc_add_new_para('')
#1 /var/www/html/dungthinh/wp_dungthinh/wp-includes/class-wp-hook.php(311): WP_Hook->apply_filters(NULL, Array)
#2 /var/www/html/dungthinh/wp_dungthinh/wp-includes/plugin.php(478): WP_Hook->do_action(Array)
#3 /var/www/html/dungthinh/wp_dungthinh/wp-settings.php(546): do_action('init')
#4 /var/www/html/dungthinh/wp_dungthinh/wp-config.php(100): require_once('/var/www/html/d...')
#5 /var/www/html/dungthinh/wp_dungthinh/wp-load.php(37): require_once('/var/www/html/d...')
#6 /var/www/html/dungthinh/wp_dungthinh/wp-blog-header.php(13): require_once('/var/www/html/d...')
#7 /var/www/html/dungthinh/wp_dungthinh/index.php(17): require('/var/www/html/d...')
#8 {main}
  thrown in /var/www/html/dungthinh/wp_dungthinh/wp-content/plugins/wprt-addons/vc-map.php on line 22

2020-09-29T06:01:26+00:00 CRITICAL Uncaught Error: Call to undefined function vc_add_shortcode_param() in /var/www/html/dungthinh/wp_dungthinh/wp-content/plugins/wprt-addons/vc-map.php:22
Stack trace:
#0 /var/www/html/dungthinh/wp_dungthinh/wp-includes/class-wp-hook.php(287): vc_add_new_para('')
#1 /var/www/html/dungthinh/wp_dungthinh/wp-includes/class-wp-hook.php(311): WP_Hook->apply_filters(NULL, Array)
#2 /var/www/html/dungthinh/wp_dungthinh/wp-includes/plugin.php(478): WP_Hook->do_action(Array)
#3 /var/www/html/dungthinh/wp_dungthinh/wp-settings.php(546): do_action('init')
#4 /var/www/html/dungthinh/wp_dungthinh/wp-config.php(100): require_once('/var/www/html/d...')
#5 /var/www/html/dungthinh/wp_dungthinh/wp-load.php(37): require_once('/var/www/html/d...')
#6 /var/www/html/dungthinh/wp_dungthinh/wp-cron.php(44): require_once('/var/www/html/d...')
#7 {main}
  thrown in /var/www/html/dungthinh/wp_dungthinh/wp-content/plugins/wprt-addons/vc-map.php on line 22

2020-09-29T06:03:10+00:00 CRITICAL Uncaught Error: Call to undefined function vc_add_shortcode_param() in /var/www/html/dungthinh/wp_dungthinh/wp-content/plugins/wprt-addons/vc-map.php:22
Stack trace:
#0 /var/www/html/dungthinh/wp_dungthinh/wp-includes/class-wp-hook.php(287): vc_add_new_para('')
#1 /var/www/html/dungthinh/wp_dungthinh/wp-includes/class-wp-hook.php(311): WP_Hook->apply_filters(NULL, Array)
#2 /var/www/html/dungthinh/wp_dungthinh/wp-includes/plugin.php(478): WP_Hook->do_action(Array)
#3 /var/www/html/dungthinh/wp_dungthinh/wp-settings.php(546): do_action('init')
#4 /var/www/html/dungthinh/wp_dungthinh/wp-config.php(100): require_once('/var/www/html/d...')
#5 /var/www/html/dungthinh/wp_dungthinh/wp-load.php(37): require_once('/var/www/html/d...')
#6 /var/www/html/dungthinh/wp_dungthinh/wp-blog-header.php(13): require_once('/var/www/html/d...')
#7 /var/www/html/dungthinh/wp_dungthinh/index.php(17): require('/var/www/html/d...')
#8 {main}
  thrown in /var/www/html/dungthinh/wp_dungthinh/wp-content/plugins/wprt-addons/vc-map.php on line 22

2020-09-29T06:03:10+00:00 CRITICAL Uncaught Error: Call to undefined function vc_add_shortcode_param() in /var/www/html/dungthinh/wp_dungthinh/wp-content/plugins/wprt-addons/vc-map.php:22
Stack trace:
#0 /var/www/html/dungthinh/wp_dungthinh/wp-includes/class-wp-hook.php(287): vc_add_new_para('')
#1 /var/www/html/dungthinh/wp_dungthinh/wp-includes/class-wp-hook.php(311): WP_Hook->apply_filters(NULL, Array)
#2 /var/www/html/dungthinh/wp_dungthinh/wp-includes/plugin.php(478): WP_Hook->do_action(Array)
#3 /var/www/html/dungthinh/wp_dungthinh/wp-settings.php(546): do_action('init')
#4 /var/www/html/dungthinh/wp_dungthinh/wp-config.php(100): require_once('/var/www/html/d...')
#5 /var/www/html/dungthinh/wp_dungthinh/wp-load.php(37): require_once('/var/www/html/d...')
#6 /var/www/html/dungthinh/wp_dungthinh/wp-cron.php(44): require_once('/var/www/html/d...')
#7 {main}
  thrown in /var/www/html/dungthinh/wp_dungthinh/wp-content/plugins/wprt-addons/vc-map.php on line 22

2020-09-29T06:05:56+00:00 CRITICAL Uncaught Error: Call to undefined function vc_add_shortcode_param() in /var/www/html/dungthinh/wp_dungthinh/wp-content/plugins/wprt-addons/vc-map.php:22
Stack trace:
#0 /var/www/html/dungthinh/wp_dungthinh/wp-includes/class-wp-hook.php(287): vc_add_new_para('')
#1 /var/www/html/dungthinh/wp_dungthinh/wp-includes/class-wp-hook.php(311): WP_Hook->apply_filters(NULL, Array)
#2 /var/www/html/dungthinh/wp_dungthinh/wp-includes/plugin.php(478): WP_Hook->do_action(Array)
#3 /var/www/html/dungthinh/wp_dungthinh/wp-settings.php(546): do_action('init')
#4 /var/www/html/dungthinh/wp_dungthinh/wp-config.php(100): require_once('/var/www/html/d...')
#5 /var/www/html/dungthinh/wp_dungthinh/wp-load.php(37): require_once('/var/www/html/d...')
#6 /var/www/html/dungthinh/wp_dungthinh/wp-login.php(12): require('/var/www/html/d...')
#7 {main}
  thrown in /var/www/html/dungthinh/wp_dungthinh/wp-content/plugins/wprt-addons/vc-map.php on line 22

2020-09-29T06:05:56+00:00 CRITICAL Uncaught Error: Call to undefined function vc_add_shortcode_param() in /var/www/html/dungthinh/wp_dungthinh/wp-content/plugins/wprt-addons/vc-map.php:22
Stack trace:
#0 /var/www/html/dungthinh/wp_dungthinh/wp-includes/class-wp-hook.php(287): vc_add_new_para('')
#1 /var/www/html/dungthinh/wp_dungthinh/wp-includes/class-wp-hook.php(311): WP_Hook->apply_filters(NULL, Array)
#2 /var/www/html/dungthinh/wp_dungthinh/wp-includes/plugin.php(478): WP_Hook->do_action(Array)
#3 /var/www/html/dungthinh/wp_dungthinh/wp-settings.php(546): do_action('init')
#4 /var/www/html/dungthinh/wp_dungthinh/wp-config.php(100): require_once('/var/www/html/d...')
#5 /var/www/html/dungthinh/wp_dungthinh/wp-load.php(37): require_once('/var/www/html/d...')
#6 /var/www/html/dungthinh/wp_dungthinh/wp-cron.php(44): require_once('/var/www/html/d...')
#7 {main}
  thrown in /var/www/html/dungthinh/wp_dungthinh/wp-content/plugins/wprt-addons/vc-map.php on line 22

2020-09-29T06:05:57+00:00 CRITICAL Uncaught Error: Call to undefined function vc_add_shortcode_param() in /var/www/html/dungthinh/wp_dungthinh/wp-content/plugins/wprt-addons/vc-map.php:22
Stack trace:
#0 /var/www/html/dungthinh/wp_dungthinh/wp-includes/class-wp-hook.php(287): vc_add_new_para('')
#1 /var/www/html/dungthinh/wp_dungthinh/wp-includes/class-wp-hook.php(311): WP_Hook->apply_filters(NULL, Array)
#2 /var/www/html/dungthinh/wp_dungthinh/wp-includes/plugin.php(478): WP_Hook->do_action(Array)
#3 /var/www/html/dungthinh/wp_dungthinh/wp-settings.php(546): do_action('init')
#4 /var/www/html/dungthinh/wp_dungthinh/wp-config.php(100): require_once('/var/www/html/d...')
#5 /var/www/html/dungthinh/wp_dungthinh/wp-load.php(37): require_once('/var/www/html/d...')
#6 /var/www/html/dungthinh/wp_dungthinh/wp-login.php(12): require('/var/www/html/d...')
#7 {main}
  thrown in /var/www/html/dungthinh/wp_dungthinh/wp-content/plugins/wprt-addons/vc-map.php on line 22

2020-09-29T06:05:58+00:00 CRITICAL Uncaught Error: Call to undefined function vc_add_shortcode_param() in /var/www/html/dungthinh/wp_dungthinh/wp-content/plugins/wprt-addons/vc-map.php:22
Stack trace:
#0 /var/www/html/dungthinh/wp_dungthinh/wp-includes/class-wp-hook.php(287): vc_add_new_para('')
#1 /var/www/html/dungthinh/wp_dungthinh/wp-includes/class-wp-hook.php(311): WP_Hook->apply_filters(NULL, Array)
#2 /var/www/html/dungthinh/wp_dungthinh/wp-includes/plugin.php(478): WP_Hook->do_action(Array)
#3 /var/www/html/dungthinh/wp_dungthinh/wp-settings.php(546): do_action('init')
#4 /var/www/html/dungthinh/wp_dungthinh/wp-config.php(100): require_once('/var/www/html/d...')
#5 /var/www/html/dungthinh/wp_dungthinh/wp-load.php(37): require_once('/var/www/html/d...')
#6 /var/www/html/dungthinh/wp_dungthinh/xmlrpc.php(31): require_once('/var/www/html/d...')
#7 {main}
  thrown in /var/www/html/dungthinh/wp_dungthinh/wp-content/plugins/wprt-addons/vc-map.php on line 22

2020-09-29T06:06:20+00:00 CRITICAL Uncaught Error: Call to undefined function vc_add_shortcode_param() in /var/www/html/dungthinh/wp_dungthinh/wp-content/plugins/wprt-addons/vc-map.php:22
Stack trace:
#0 /var/www/html/dungthinh/wp_dungthinh/wp-includes/class-wp-hook.php(287): vc_add_new_para('')
#1 /var/www/html/dungthinh/wp_dungthinh/wp-includes/class-wp-hook.php(311): WP_Hook->apply_filters(NULL, Array)
#2 /var/www/html/dungthinh/wp_dungthinh/wp-includes/plugin.php(478): WP_Hook->do_action(Array)
#3 /var/www/html/dungthinh/wp_dungthinh/wp-settings.php(546): do_action('init')
#4 /var/www/html/dungthinh/wp_dungthinh/wp-config.php(100): require_once('/var/www/html/d...')
#5 /var/www/html/dungthinh/wp_dungthinh/wp-load.php(37): require_once('/var/www/html/d...')
#6 /var/www/html/dungthinh/wp_dungthinh/wp-blog-header.php(13): require_once('/var/www/html/d...')
#7 /var/www/html/dungthinh/wp_dungthinh/index.php(17): require('/var/www/html/d...')
#8 {main}
  thrown in /var/www/html/dungthinh/wp_dungthinh/wp-content/plugins/wprt-addons/vc-map.php on line 22

2020-09-29T06:07:23+00:00 CRITICAL Uncaught Error: Call to undefined function vc_add_shortcode_param() in /var/www/html/dungthinh/wp_dungthinh/wp-content/plugins/wprt-addons/vc-map.php:22
Stack trace:
#0 /var/www/html/dungthinh/wp_dungthinh/wp-includes/class-wp-hook.php(287): vc_add_new_para('')
#1 /var/www/html/dungthinh/wp_dungthinh/wp-includes/class-wp-hook.php(311): WP_Hook->apply_filters(NULL, Array)
#2 /var/www/html/dungthinh/wp_dungthinh/wp-includes/plugin.php(478): WP_Hook->do_action(Array)
#3 /var/www/html/dungthinh/wp_dungthinh/wp-settings.php(546): do_action('init')
#4 /var/www/html/dungthinh/wp_dungthinh/wp-config.php(100): require_once('/var/www/html/d...')
#5 /var/www/html/dungthinh/wp_dungthinh/wp-load.php(37): require_once('/var/www/html/d...')
#6 /var/www/html/dungthinh/wp_dungthinh/wp-blog-header.php(13): require_once('/var/www/html/d...')
#7 /var/www/html/dungthinh/wp_dungthinh/index.php(17): require('/var/www/html/d...')
#8 {main}
  thrown in /var/www/html/dungthinh/wp_dungthinh/wp-content/plugins/wprt-addons/vc-map.php on line 22

2020-09-29T06:07:23+00:00 CRITICAL Uncaught Error: Call to undefined function vc_add_shortcode_param() in /var/www/html/dungthinh/wp_dungthinh/wp-content/plugins/wprt-addons/vc-map.php:22
Stack trace:
#0 /var/www/html/dungthinh/wp_dungthinh/wp-includes/class-wp-hook.php(287): vc_add_new_para('')
#1 /var/www/html/dungthinh/wp_dungthinh/wp-includes/class-wp-hook.php(311): WP_Hook->apply_filters(NULL, Array)
#2 /var/www/html/dungthinh/wp_dungthinh/wp-includes/plugin.php(478): WP_Hook->do_action(Array)
#3 /var/www/html/dungthinh/wp_dungthinh/wp-settings.php(546): do_action('init')
#4 /var/www/html/dungthinh/wp_dungthinh/wp-config.php(100): require_once('/var/www/html/d...')
#5 /var/www/html/dungthinh/wp_dungthinh/wp-load.php(37): require_once('/var/www/html/d...')
#6 /var/www/html/dungthinh/wp_dungthinh/wp-cron.php(44): require_once('/var/www/html/d...')
#7 {main}
  thrown in /var/www/html/dungthinh/wp_dungthinh/wp-content/plugins/wprt-addons/vc-map.php on line 22

2020-09-29T06:14:03+00:00 CRITICAL Uncaught Error: Call to undefined function vc_add_shortcode_param() in /var/www/html/dungthinh/wp_dungthinh/wp-content/plugins/wprt-addons/vc-map.php:22
Stack trace:
#0 /var/www/html/dungthinh/wp_dungthinh/wp-includes/class-wp-hook.php(287): vc_add_new_para('')
#1 /var/www/html/dungthinh/wp_dungthinh/wp-includes/class-wp-hook.php(311): WP_Hook->apply_filters(NULL, Array)
#2 /var/www/html/dungthinh/wp_dungthinh/wp-includes/plugin.php(478): WP_Hook->do_action(Array)
#3 /var/www/html/dungthinh/wp_dungthinh/wp-settings.php(546): do_action('init')
#4 /var/www/html/dungthinh/wp_dungthinh/wp-config.php(100): require_once('/var/www/html/d...')
#5 /var/www/html/dungthinh/wp_dungthinh/wp-load.php(37): require_once('/var/www/html/d...')
#6 /var/www/html/dungthinh/wp_dungthinh/wp-blog-header.php(13): require_once('/var/www/html/d...')
#7 /var/www/html/dungthinh/wp_dungthinh/index.php(17): require('/var/www/html/d...')
#8 {main}
  thrown in /var/www/html/dungthinh/wp_dungthinh/wp-content/plugins/wprt-addons/vc-map.php on line 22

2020-09-29T06:14:03+00:00 CRITICAL Uncaught Error: Call to undefined function vc_add_shortcode_param() in /var/www/html/dungthinh/wp_dungthinh/wp-content/plugins/wprt-addons/vc-map.php:22
Stack trace:
#0 /var/www/html/dungthinh/wp_dungthinh/wp-includes/class-wp-hook.php(287): vc_add_new_para('')
#1 /var/www/html/dungthinh/wp_dungthinh/wp-includes/class-wp-hook.php(311): WP_Hook->apply_filters(NULL, Array)
#2 /var/www/html/dungthinh/wp_dungthinh/wp-includes/plugin.php(478): WP_Hook->do_action(Array)
#3 /var/www/html/dungthinh/wp_dungthinh/wp-settings.php(546): do_action('init')
#4 /var/www/html/dungthinh/wp_dungthinh/wp-config.php(100): require_once('/var/www/html/d...')
#5 /var/www/html/dungthinh/wp_dungthinh/wp-load.php(37): require_once('/var/www/html/d...')
#6 /var/www/html/dungthinh/wp_dungthinh/wp-cron.php(44): require_once('/var/www/html/d...')
#7 {main}
  thrown in /var/www/html/dungthinh/wp_dungthinh/wp-content/plugins/wprt-addons/vc-map.php on line 22

